1c1s3r1p


top - 11:44:20 up  4:49,  0 users,  load average: 1.56, 1.08, 1.28
Threads:   6 total,   1 running,   5 sleeping,   0 stopped,   0 zombie
%Cpu(s):  6.5 us,  8.9 sy,  0.0 ni, 77.2 id,  0.0 wa,  0.0 hi,  2.4 si,  4.9 st
MiB Mem :  31824.5 total,  27602.8 free,   2542.5 used,   1679.2 buff/cache
MiB Swap:      0.0 total,      0.0 free,      0.0 used.  28873.1 avail Mem 

    PID USER      PR  NI    VIRT    RES    SHR S  %CPU  %MEM     TIME+ COMMAND
  53662 ubuntu    20   0 1830812   1.5g   5104 R  46.7   4.9   0:05.22 deptran_server
  53660 ubuntu    20   0 1830812   1.5g   5104 S  20.0   4.9   0:02.42 deptran_server
  53661 ubuntu    20   0 1830812   1.5g   5104 S  20.0   4.9   0:02.37 deptran_server
  53663 ubuntu    20   0 1830812   1.5g   5104 S  20.0   4.9   0:02.10 deptran_server
  53591 ubuntu    20   0 1830812   1.5g   5104 S   0.0   4.9   0:00.00 deptran_server
  53664 ubuntu    20   0 1830812   1.5g   5104 S   0.0   4.9   0:00.00 deptran_server

top - 11:44:21 up  4:49,  0 users,  load average: 1.56, 1.08, 1.28
Threads:   6 total,   3 running,   3 sleeping,   0 stopped,   0 zombie
%Cpu(s):  4.6 us,  7.1 sy,  0.0 ni, 77.7 id,  0.0 wa,  0.0 hi,  1.5 si,  8.9 st
MiB Mem :  31824.5 total,  27602.8 free,   2542.5 used,   1679.2 buff/cache
MiB Swap:      0.0 total,      0.0 free,      0.0 used.  28873.1 avail Mem 

    PID USER      PR  NI    VIRT    RES    SHR S  %CPU  %MEM     TIME+ COMMAND
  53662 ubuntu    20   0 1830812   1.5g   5104 R  35.0   4.9   0:05.57 deptran_server
  53660 ubuntu    20   0 1830812   1.5g   5104 R  17.0   4.9   0:02.59 deptran_server
  53661 ubuntu    20   0 1830812   1.5g   5104 S  17.0   4.9   0:02.54 deptran_server
  53663 ubuntu    20   0 1830812   1.5g   5104 R  14.0   4.9   0:02.24 deptran_server
  53591 ubuntu    20   0 1830812   1.5g   5104 S   0.0   4.9   0:00.00 deptran_server
  53664 ubuntu    20   0 1830812   1.5g   5104 S   0.0   4.9   0:00.00 deptran_server

top - 11:44:22 up  4:49,  0 users,  load average: 1.59, 1.09, 1.29
Threads:   6 total,   1 running,   5 sleeping,   0 stopped,   0 zombie
%Cpu(s):  5.6 us,  6.3 sy,  0.0 ni, 79.0 id,  0.0 wa,  0.0 hi,  2.3 si,  6.7 st
MiB Mem :  31824.5 total,  27602.8 free,   2542.5 used,   1679.2 buff/cache
MiB Swap:      0.0 total,      0.0 free,      0.0 used.  28873.1 avail Mem 

    PID USER      PR  NI    VIRT    RES    SHR S  %CPU  %MEM     TIME+ COMMAND
  53662 ubuntu    20   0 1830980   1.5g   5104 S  41.0   4.9   0:05.98 deptran_server
  53661 ubuntu    20   0 1830980   1.5g   5104 S  17.0   4.9   0:02.71 deptran_server
  53660 ubuntu    20   0 1830980   1.5g   5104 R  16.0   4.9   0:02.75 deptran_server
  53663 ubuntu    20   0 1830980   1.5g   5104 S  15.0   4.9   0:02.39 deptran_server
  53591 ubuntu    20   0 1830980   1.5g   5104 S   0.0   4.9   0:00.00 deptran_server
  53664 ubuntu    20   0 1830980   1.5g   5104 S   0.0   4.9   0:00.00 deptran_server

top - 11:44:23 up  4:49,  0 users,  load average: 1.59, 1.09, 1.29
Threads:   6 total,   1 running,   5 sleeping,   0 stopped,   0 zombie
%Cpu(s):  6.1 us,  8.1 sy,  0.0 ni, 78.3 id,  0.0 wa,  0.0 hi,  1.6 si,  5.9 st
MiB Mem :  31824.5 total,  27583.9 free,   2550.7 used,   1690.0 buff/cache
MiB Swap:      0.0 total,      0.0 free,      0.0 used.  28865.2 avail Mem 

    PID USER      PR  NI    VIRT    RES    SHR S  %CPU  %MEM     TIME+ COMMAND
  53662 ubuntu    20   0 1830980   1.5g   5104 R  44.0   4.9   0:06.42 deptran_server
  53660 ubuntu    20   0 1830980   1.5g   5104 S  19.0   4.9   0:02.94 deptran_server
  53661 ubuntu    20   0 1830980   1.5g   5104 S  18.0   4.9   0:02.89 deptran_server
  53663 ubuntu    20   0 1830980   1.5g   5104 S  16.0   4.9   0:02.55 deptran_server
  53591 ubuntu    20   0 1830980   1.5g   5104 S   0.0   4.9   0:00.00 deptran_server
  53664 ubuntu    20   0 1830980   1.5g   5104 S   0.0   4.9   0:00.00 deptran_server

top - 11:44:24 up  4:49,  0 users,  load average: 1.59, 1.09, 1.29
Threads:   6 total,   1 running,   5 sleeping,   0 stopped,   0 zombie
%Cpu(s):  5.8 us,  7.5 sy,  0.0 ni, 78.5 id,  0.0 wa,  0.0 hi,  2.8 si,  5.3 st
MiB Mem :  31824.5 total,  27583.9 free,   2550.7 used,   1690.0 buff/cache
MiB Swap:      0.0 total,      0.0 free,      0.0 used.  28865.2 avail Mem 

    PID USER      PR  NI    VIRT    RES    SHR S  %CPU  %MEM     TIME+ COMMAND
  53662 ubuntu    20   0 1830980   1.5g   5104 S  41.0   4.9   0:06.83 deptran_server
  53660 ubuntu    20   0 1830980   1.5g   5104 R  19.0   4.9   0:03.13 deptran_server
  53661 ubuntu    20   0 1830980   1.5g   5104 S  19.0   4.9   0:03.08 deptran_server
  53663 ubuntu    20   0 1830980   1.5g   5104 S  15.0   4.9   0:02.70 deptran_server
  53591 ubuntu    20   0 1830980   1.5g   5104 S   0.0   4.9   0:00.00 deptran_server
  53664 ubuntu    20   0 1830980   1.5g   5104 S   0.0   4.9   0:00.00 deptran_server

top - 11:44:25 up  4:49,  0 users,  load average: 1.59, 1.09, 1.29
Threads:   6 total,   3 running,   3 sleeping,   0 stopped,   0 zombie
%Cpu(s):  4.8 us,  5.7 sy,  0.0 ni, 79.8 id,  0.0 wa,  0.0 hi,  1.7 si,  8.0 st
MiB Mem :  31824.5 total,  27583.9 free,   2550.7 used,   1690.0 buff/cache
MiB Swap:      0.0 total,      0.0 free,      0.0 used.  28865.2 avail Mem 

    PID USER      PR  NI    VIRT    RES    SHR S  %CPU  %MEM     TIME+ COMMAND
  53662 ubuntu    20   0 1830980   1.5g   5104 R  33.0   4.9   0:07.16 deptran_server
  53660 ubuntu    20   0 1830980   1.5g   5104 R  17.0   4.9   0:03.30 deptran_server
  53661 ubuntu    20   0 1830980   1.5g   5104 R  15.0   4.9   0:03.23 deptran_server
  53663 ubuntu    20   0 1830980   1.5g   5104 S  14.0   4.9   0:02.84 deptran_server
  53591 ubuntu    20   0 1830980   1.5g   5104 S   0.0   4.9   0:00.00 deptran_server
  53664 ubuntu    20   0 1830980   1.5g   5104 S   0.0   4.9   0:00.00 deptran_server

top - 11:44:26 up  4:49,  0 users,  load average: 1.59, 1.09, 1.29
Threads:   6 total,   1 running,   5 sleeping,   0 stopped,   0 zombie
%Cpu(s):  7.0 us,  8.8 sy,  0.0 ni, 78.6 id,  0.0 wa,  0.0 hi,  1.6 si,  4.0 st
MiB Mem :  31824.5 total,  27561.5 free,   2560.6 used,   1702.5 buff/cache
MiB Swap:      0.0 total,      0.0 free,      0.0 used.  28855.3 avail Mem 

    PID USER      PR  NI    VIRT    RES    SHR S  %CPU  %MEM     TIME+ COMMAND
  53662 ubuntu    20   0 1830980   1.5g   5104 S  41.0   4.9   0:07.57 deptran_server
  53661 ubuntu    20   0 1830980   1.5g   5104 R  19.0   4.9   0:03.42 deptran_server
  53660 ubuntu    20   0 1830980   1.5g   5104 S  18.0   4.9   0:03.48 deptran_server
  53663 ubuntu    20   0 1830980   1.5g   5104 S  16.0   4.9   0:03.00 deptran_server
  53591 ubuntu    20   0 1830980   1.5g   5104 S   0.0   4.9   0:00.00 deptran_server
  53664 ubuntu    20   0 1830980   1.5g   5104 S   0.0   4.9   0:00.00 deptran_server

top - 11:44:27 up  4:49,  0 users,  load average: 1.71, 1.13, 1.30
Threads:   6 total,   2 running,   4 sleeping,   0 stopped,   0 zombie
%Cpu(s):  6.7 us,  6.9 sy,  0.0 ni, 78.1 id,  0.0 wa,  0.0 hi,  2.2 si,  6.2 st
MiB Mem :  31824.5 total,  27561.5 free,   2560.6 used,   1702.5 buff/cache
MiB Swap:      0.0 total,      0.0 free,      0.0 used.  28855.3 avail Mem 

    PID USER      PR  NI    VIRT    RES    SHR S  %CPU  %MEM     TIME+ COMMAND
  53662 ubuntu    20   0 1830980   1.5g   5104 S  37.6   4.9   0:07.95 deptran_server
  53660 ubuntu    20   0 1830980   1.5g   5104 R  17.8   4.9   0:03.66 deptran_server
  53661 ubuntu    20   0 1830980   1.5g   5104 R  16.8   4.9   0:03.59 deptran_server
  53663 ubuntu    20   0 1830980   1.5g   5104 S  15.8   4.9   0:03.16 deptran_server
  53591 ubuntu    20   0 1830980   1.5g   5104 S   0.0   4.9   0:00.00 deptran_server
  53664 ubuntu    20   0 1830980   1.5g   5104 S   0.0   4.9   0:00.00 deptran_server

top - 11:44:28 up  4:49,  0 users,  load average: 1.71, 1.13, 1.30
Threads:   6 total,   1 running,   5 sleeping,   0 stopped,   0 zombie
%Cpu(s):  6.0 us,  7.3 sy,  0.0 ni, 78.4 id,  0.0 wa,  0.0 hi,  1.6 si,  6.7 st
MiB Mem :  31824.5 total,  27561.5 free,   2560.6 used,   1702.5 buff/cache
MiB Swap:      0.0 total,      0.0 free,      0.0 used.  28855.3 avail Mem 

    PID USER      PR  NI    VIRT    RES    SHR S  %CPU  %MEM     TIME+ COMMAND
  53662 ubuntu    20   0 1830980   1.5g   5104 S  37.0   4.9   0:08.32 deptran_server
  53661 ubuntu    20   0 1830980   1.5g   5104 S  17.0   4.9   0:03.76 deptran_server
  53660 ubuntu    20   0 1830980   1.5g   5104 R  16.0   4.9   0:03.82 deptran_server
  53663 ubuntu    20   0 1830980   1.5g   5104 S  14.0   4.9   0:03.30 deptran_server
  53591 ubuntu    20   0 1830980   1.5g   5104 S   0.0   4.9   0:00.00 deptran_server
  53664 ubuntu    20   0 1830980   1.5g   5104 S   0.0   4.9   0:00.00 deptran_server

top - 11:44:29 up  4:49,  0 users,  load average: 1.71, 1.13, 1.30
Threads:   6 total,   2 running,   4 sleeping,   0 stopped,   0 zombie
%Cpu(s):  6.9 us,  8.9 sy,  0.0 ni, 79.0 id,  0.0 wa,  0.0 hi,  2.1 si,  3.1 st
MiB Mem :  31824.5 total,  27540.3 free,   2569.1 used,   1715.1 buff/cache
MiB Swap:      0.0 total,      0.0 free,      0.0 used.  28846.5 avail Mem 

    PID USER      PR  NI    VIRT    RES    SHR S  %CPU  %MEM     TIME+ COMMAND
  53662 ubuntu    20   0 1830980   1.5g   5104 R  42.0   5.0   0:08.74 deptran_server
  53660 ubuntu    20   0 1830980   1.5g   5104 S  20.0   5.0   0:04.02 deptran_server
  53661 ubuntu    20   0 1830980   1.5g   5104 R  20.0   5.0   0:03.96 deptran_server
  53663 ubuntu    20   0 1830980   1.5g   5104 S  16.0   5.0   0:03.46 deptran_server
  53591 ubuntu    20   0 1830980   1.5g   5104 S   0.0   5.0   0:00.00 deptran_server
  53664 ubuntu    20   0 1830980   1.5g   5104 S   0.0   5.0   0:00.00 deptran_server

top - 11:44:30 up  4:49,  0 users,  load average: 1.71, 1.13, 1.30
Threads:   6 total,   1 running,   5 sleeping,   0 stopped,   0 zombie
%Cpu(s):  3.3 us,  4.0 sy,  0.0 ni, 79.9 id,  0.0 wa,  0.0 hi,  1.6 si, 11.1 st
MiB Mem :  31824.5 total,  27540.3 free,   2569.1 used,   1715.1 buff/cache
MiB Swap:      0.0 total,      0.0 free,      0.0 used.  28846.5 avail Mem 

    PID USER      PR  NI    VIRT    RES    SHR S  %CPU  %MEM     TIME+ COMMAND
  53662 ubuntu    20   0 1830980   1.5g   5104 S  25.0   5.0   0:08.99 deptran_server
  53660 ubuntu    20   0 1830980   1.5g   5104 R  12.0   5.0   0:04.14 deptran_server
  53661 ubuntu    20   0 1830980   1.5g   5104 S  12.0   5.0   0:04.08 deptran_server
  53663 ubuntu    20   0 1830980   1.5g   5104 S  12.0   5.0   0:03.58 deptran_server
  53591 ubuntu    20   0 1830980   1.5g   5104 S   0.0   5.0   0:00.00 deptran_server
  53664 ubuntu    20   0 1830980   1.5g   5104 S   0.0   5.0   0:00.00 deptran_server

top - 11:44:31 up  4:49,  0 users,  load average: 1.71, 1.13, 1.30
Threads:   6 total,   3 running,   3 sleeping,   0 stopped,   0 zombie
%Cpu(s):  6.1 us,  7.6 sy,  0.0 ni, 78.4 id,  0.0 wa,  0.0 hi,  1.5 si,  6.5 st
MiB Mem :  31824.5 total,  27540.3 free,   2569.1 used,   1715.1 buff/cache
MiB Swap:      0.0 total,      0.0 free,      0.0 used.  28846.5 avail Mem 

    PID USER      PR  NI    VIRT    RES    SHR S  %CPU  %MEM     TIME+ COMMAND
  53662 ubuntu    20   0 1896516   1.5g   5104 R  39.0   5.0   0:09.38 deptran_server
  53660 ubuntu    20   0 1896516   1.5g   5104 S  18.0   5.0   0:04.32 deptran_server
  53661 ubuntu    20   0 1896516   1.5g   5104 R  17.0   5.0   0:04.25 deptran_server
  53663 ubuntu    20   0 1896516   1.5g   5104 R  15.0   5.0   0:03.73 deptran_server
  53591 ubuntu    20   0 1896516   1.5g   5104 S   0.0   5.0   0:00.00 deptran_server
  53664 ubuntu    20   0 1896516   1.5g   5104 S   0.0   5.0   0:00.00 deptran_server

top - 11:44:32 up  4:49,  0 users,  load average: 1.73, 1.14, 1.30
Threads:   6 total,   1 running,   5 sleeping,   0 stopped,   0 zombie
%Cpu(s):  6.8 us,  8.4 sy,  0.0 ni, 78.9 id,  0.0 wa,  0.0 hi,  1.7 si,  4.2 st
MiB Mem :  31824.5 total,  27522.3 free,   2576.8 used,   1725.4 buff/cache
MiB Swap:      0.0 total,      0.0 free,      0.0 used.  28838.8 avail Mem 

    PID USER      PR  NI    VIRT    RES    SHR S  %CPU  %MEM     TIME+ COMMAND
  53662 ubuntu    20   0 1896516   1.5g   5104 S  41.0   5.0   0:09.79 deptran_server
  53661 ubuntu    20   0 1896516   1.5g   5104 R  20.0   5.0   0:04.45 deptran_server
  53660 ubuntu    20   0 1896516   1.5g   5104 S  19.0   5.0   0:04.51 deptran_server
  53663 ubuntu    20   0 1896516   1.5g   5104 S  16.0   5.0   0:03.89 deptran_server
  53591 ubuntu    20   0 1896516   1.5g   5104 S   0.0   5.0   0:00.00 deptran_server
  53664 ubuntu    20   0 1896516   1.5g   5104 S   0.0   5.0   0:00.00 deptran_server

top - 11:44:33 up  4:49,  0 users,  load average: 1.73, 1.14, 1.30
Threads:   6 total,   3 running,   3 sleeping,   0 stopped,   0 zombie
%Cpu(s):  5.4 us,  6.5 sy,  0.0 ni, 78.6 id,  0.0 wa,  0.0 hi,  1.2 si,  8.4 st
MiB Mem :  31824.5 total,  27522.3 free,   2576.8 used,   1725.4 buff/cache
MiB Swap:      0.0 total,      0.0 free,      0.0 used.  28838.8 avail Mem 

    PID USER      PR  NI    VIRT    RES    SHR S  %CPU  %MEM     TIME+ COMMAND
  53662 ubuntu    20   0 1896516   1.5g   5104 R  36.6   5.0   0:10.16 deptran_server
  53660 ubuntu    20   0 1896516   1.5g   5104 R  15.8   5.0   0:04.67 deptran_server
  53661 ubuntu    20   0 1896516   1.5g   5104 R  14.9   5.0   0:04.60 deptran_server
  53663 ubuntu    20   0 1896516   1.5g   5104 S  14.9   5.0   0:04.04 deptran_server
  53591 ubuntu    20   0 1896516   1.5g   5104 S   0.0   5.0   0:00.00 deptran_server
  53664 ubuntu    20   0 1896516   1.5g   5104 S   0.0   5.0   0:00.00 deptran_server

top - 11:44:34 up  4:49,  0 users,  load average: 1.73, 1.14, 1.30
Threads:   6 total,   1 running,   5 sleeping,   0 stopped,   0 zombie
%Cpu(s):  5.2 us,  8.1 sy,  0.0 ni, 75.5 id,  1.7 wa,  0.0 hi,  2.1 si,  7.5 st
MiB Mem :  31824.5 total,  27522.3 free,   2576.8 used,   1725.4 buff/cache
MiB Swap:      0.0 total,      0.0 free,      0.0 used.  28838.8 avail Mem 

    PID USER      PR  NI    VIRT    RES    SHR S  %CPU  %MEM     TIME+ COMMAND
  53662 ubuntu    20   0 1896516   1.6g   5104 R  39.0   5.0   0:10.55 deptran_server
  53661 ubuntu    20   0 1896516   1.6g   5104 S  18.0   5.0   0:04.78 deptran_server
  53660 ubuntu    20   0 1896516   1.6g   5104 S  17.0   5.0   0:04.84 deptran_server
  53663 ubuntu    20   0 1896516   1.6g   5104 S  15.0   5.0   0:04.19 deptran_server
  53591 ubuntu    20   0 1896516   1.6g   5104 S   0.0   5.0   0:00.00 deptran_server
  53664 ubuntu    20   0 1896516   1.6g   5104 S   0.0   5.0   0:00.00 deptran_server

top - 11:44:35 up  4:49,  0 users,  load average: 1.73, 1.14, 1.30
Threads:   6 total,   1 running,   5 sleeping,   0 stopped,   0 zombie
%Cpu(s):  6.1 us,  7.3 sy,  0.0 ni, 78.1 id,  0.0 wa,  0.0 hi,  1.8 si,  6.6 st
MiB Mem :  31824.5 total,  27504.1 free,   2583.8 used,   1736.6 buff/cache
MiB Swap:      0.0 total,      0.0 free,      0.0 used.  28831.8 avail Mem 

    PID USER      PR  NI    VIRT    RES    SHR S  %CPU  %MEM     TIME+ COMMAND
  53662 ubuntu    20   0 1896516   1.6g   5104 S  37.0   5.0   0:10.92 deptran_server
  53660 ubuntu    20   0 1896516   1.6g   5104 R  18.0   5.0   0:05.02 deptran_server
  53661 ubuntu    20   0 1896516   1.6g   5104 S  16.0   5.0   0:04.94 deptran_server
  53663 ubuntu    20   0 1896516   1.6g   5104 S  16.0   5.0   0:04.35 deptran_server
  53591 ubuntu    20   0 1896516   1.6g   5104 S   0.0   5.0   0:00.00 deptran_server
  53664 ubuntu    20   0 1896516   1.6g   5104 S   0.0   5.0   0:00.00 deptran_server

top - 11:44:36 up  4:49,  0 users,  load average: 1.73, 1.14, 1.30
Threads:   6 total,   1 running,   5 sleeping,   0 stopped,   0 zombie
%Cpu(s):  6.0 us,  7.8 sy,  0.0 ni, 78.8 id,  0.0 wa,  0.0 hi,  2.1 si,  5.3 st
MiB Mem :  31824.5 total,  27504.1 free,   2583.8 used,   1736.6 buff/cache
MiB Swap:      0.0 total,      0.0 free,      0.0 used.  28831.8 avail Mem 

    PID USER      PR  NI    VIRT    RES    SHR S  %CPU  %MEM     TIME+ COMMAND
  53662 ubuntu    20   0 1896516   1.6g   5104 R  39.0   5.0   0:11.31 deptran_server
  53660 ubuntu    20   0 1896516   1.6g   5104 S  20.0   5.0   0:05.22 deptran_server
  53661 ubuntu    20   0 1896516   1.6g   5104 S  18.0   5.0   0:05.12 deptran_server
  53663 ubuntu    20   0 1896516   1.6g   5104 S  16.0   5.0   0:04.51 deptran_server
  53591 ubuntu    20   0 1896516   1.6g   5104 S   0.0   5.0   0:00.00 deptran_server
  53664 ubuntu    20   0 1896516   1.6g   5104 S   0.0   5.0   0:00.00 deptran_server

top - 11:44:37 up  4:49,  0 users,  load average: 1.99, 1.20, 1.32
Threads:   6 total,   3 running,   3 sleeping,   0 stopped,   0 zombie
%Cpu(s):  6.0 us,  6.0 sy,  0.0 ni, 79.2 id,  0.0 wa,  0.0 hi,  2.2 si,  6.6 st
MiB Mem :  31824.5 total,  27504.1 free,   2583.8 used,   1736.6 buff/cache
MiB Swap:      0.0 total,      0.0 free,      0.0 used.  28831.8 avail Mem 

    PID USER      PR  NI    VIRT    RES    SHR S  %CPU  %MEM     TIME+ COMMAND
  53662 ubuntu    20   0 1896852   1.6g   5104 R  40.0   5.0   0:11.71 deptran_server
  53660 ubuntu    20   0 1896852   1.6g   5104 R  18.0   5.0   0:05.40 deptran_server
  53661 ubuntu    20   0 1896852   1.6g   5104 S  18.0   5.0   0:05.30 deptran_server
  53663 ubuntu    20   0 1896852   1.6g   5104 R  15.0   5.0   0:04.66 deptran_server
  53591 ubuntu    20   0 1896852   1.6g   5104 S   0.0   5.0   0:00.00 deptran_server
  53664 ubuntu    20   0 1896852   1.6g   5104 S   0.0   5.0   0:00.00 deptran_server

top - 11:44:38 up  4:49,  0 users,  load average: 1.99, 1.20, 1.32
Threads:   6 total,   1 running,   5 sleeping,   0 stopped,   0 zombie
%Cpu(s):  6.5 us,  6.6 sy,  0.0 ni, 78.9 id,  0.0 wa,  0.0 hi,  2.2 si,  5.9 st
MiB Mem :  31824.5 total,  27483.2 free,   2592.9 used,   1748.4 buff/cache
MiB Swap:      0.0 total,      0.0 free,      0.0 used.  28822.7 avail Mem 

    PID USER      PR  NI    VIRT    RES    SHR S  %CPU  %MEM     TIME+ COMMAND
  53662 ubuntu    20   0 1896852   1.6g   5104 S  40.0   5.0   0:12.11 deptran_server
  53660 ubuntu    20   0 1896852   1.6g   5104 S  17.0   5.0   0:05.57 deptran_server
  53661 ubuntu    20   0 1896852   1.6g   5104 S  17.0   5.0   0:05.47 deptran_server
  53663 ubuntu    20   0 1896852   1.6g   5104 R  15.0   5.0   0:04.81 deptran_server
  53591 ubuntu    20   0 1896852   1.6g   5104 S   0.0   5.0   0:00.00 deptran_server
  53664 ubuntu    20   0 1896852   1.6g   5104 S   0.0   5.0   0:00.00 deptran_server

top - 11:44:39 up  4:49,  0 users,  load average: 1.99, 1.20, 1.32
Threads:   6 total,   0 running,   6 sleeping,   0 stopped,   0 zombie
%Cpu(s):  5.2 us,  7.2 sy,  0.0 ni, 78.7 id,  0.0 wa,  0.0 hi,  2.2 si,  6.7 st
MiB Mem :  31824.5 total,  27483.2 free,   2592.9 used,   1748.4 buff/cache
MiB Swap:      0.0 total,      0.0 free,      0.0 used.  28822.7 avail Mem 

    PID USER      PR  NI    VIRT    RES    SHR S  %CPU  %MEM     TIME+ COMMAND
  53662 ubuntu    20   0 1896852   1.6g   5104 S  36.0   5.0   0:12.47 deptran_server
  53660 ubuntu    20   0 1896852   1.6g   5104 S  17.0   5.0   0:05.74 deptran_server
  53661 ubuntu    20   0 1896852   1.6g   5104 S  16.0   5.0   0:05.63 deptran_server
  53663 ubuntu    20   0 1896852   1.6g   5104 S  14.0   5.0   0:04.95 deptran_server
  53591 ubuntu    20   0 1896852   1.6g   5104 S   0.0   5.0   0:00.00 deptran_server
  53664 ubuntu    20   0 1896852   1.6g   5104 S   0.0   5.0   0:00.00 deptran_server

top - 11:44:40 up  4:49,  0 users,  load average: 1.99, 1.20, 1.32
Threads:   6 total,   1 running,   5 sleeping,   0 stopped,   0 zombie
%Cpu(s):  4.8 us,  6.5 sy,  0.0 ni, 78.7 id,  0.0 wa,  0.0 hi,  1.9 si,  8.1 st
MiB Mem :  31824.5 total,  27483.2 free,   2592.9 used,   1748.4 buff/cache
MiB Swap:      0.0 total,      0.0 free,      0.0 used.  28822.7 avail Mem 

    PID USER      PR  NI    VIRT    RES    SHR S  %CPU  %MEM     TIME+ COMMAND
  53662 ubuntu    20   0 1896852   1.6g   5104 R  36.6   5.0   0:12.84 deptran_server
  53660 ubuntu    20   0 1896852   1.6g   5104 S  16.8   5.0   0:05.91 deptran_server
  53661 ubuntu    20   0 1896852   1.6g   5104 S  16.8   5.0   0:05.80 deptran_server
  53663 ubuntu    20   0 1896852   1.6g   5104 S  14.9   5.0   0:05.10 deptran_server
  53591 ubuntu    20   0 1896852   1.6g   5104 S   0.0   5.0   0:00.00 deptran_server
  53664 ubuntu    20   0 1896852   1.6g   5104 S   0.0   5.0   0:00.00 deptran_server

top - 11:44:41 up  4:49,  0 users,  load average: 1.99, 1.20, 1.32
Threads:   6 total,   3 running,   3 sleeping,   0 stopped,   0 zombie
%Cpu(s):  4.0 us,  4.9 sy,  0.0 ni, 79.1 id,  0.0 wa,  0.0 hi,  1.4 si, 10.7 st
MiB Mem :  31824.5 total,  27467.5 free,   2599.1 used,   1758.0 buff/cache
MiB Swap:      0.0 total,      0.0 free,      0.0 used.  28816.5 avail Mem 

    PID USER      PR  NI    VIRT    RES    SHR S  %CPU  %MEM     TIME+ COMMAND
  53662 ubuntu    20   0 1896852   1.6g   5104 R  29.0   5.1   0:13.13 deptran_server
  53660 ubuntu    20   0 1896852   1.6g   5104 R  14.0   5.1   0:06.05 deptran_server
  53661 ubuntu    20   0 1896852   1.6g   5104 R  13.0   5.1   0:05.93 deptran_server
  53663 ubuntu    20   0 1896852   1.6g   5104 S  12.0   5.1   0:05.22 deptran_server
  53591 ubuntu    20   0 1896852   1.6g   5104 S   0.0   5.1   0:00.00 deptran_server
  53664 ubuntu    20   0 1896852   1.6g   5104 S   0.0   5.1   0:00.00 deptran_server

top - 11:44:42 up  4:49,  0 users,  load average: 1.83, 1.18, 1.31
Threads:   6 total,   1 running,   5 sleeping,   0 stopped,   0 zombie
%Cpu(s):  4.5 us,  5.7 sy,  0.0 ni, 80.0 id,  0.0 wa,  0.0 hi,  1.4 si,  8.3 st
MiB Mem :  31824.5 total,  27467.5 free,   2599.1 used,   1758.0 buff/cache
MiB Swap:      0.0 total,      0.0 free,      0.0 used.  28816.5 avail Mem 

    PID USER      PR  NI    VIRT    RES    SHR S  %CPU  %MEM     TIME+ COMMAND
  53662 ubuntu    20   0 1896852   1.6g   5104 R  34.0   5.1   0:13.47 deptran_server
  53661 ubuntu    20   0 1896852   1.6g   5104 S  16.0   5.1   0:06.09 deptran_server
  53660 ubuntu    20   0 1896852   1.6g   5104 S  15.0   5.1   0:06.20 deptran_server
  53663 ubuntu    20   0 1896852   1.6g   5104 S  13.0   5.1   0:05.35 deptran_server
  53591 ubuntu    20   0 1896852   1.6g   5104 S   0.0   5.1   0:00.00 deptran_server
  53664 ubuntu    20   0 1896852   1.6g   5104 S   0.0   5.1   0:00.00 deptran_server

top - 11:44:43 up  4:49,  0 users,  load average: 1.83, 1.18, 1.31
Threads:   6 total,   1 running,   5 sleeping,   0 stopped,   0 zombie
%Cpu(s):  5.2 us,  7.0 sy,  0.0 ni, 79.2 id,  0.0 wa,  0.0 hi,  1.2 si,  7.4 st
MiB Mem :  31824.5 total,  27467.5 free,   2599.1 used,   1758.0 buff/cache
MiB Swap:      0.0 total,      0.0 free,      0.0 used.  28816.5 avail Mem 

    PID USER      PR  NI    VIRT    RES    SHR S  %CPU  %MEM     TIME+ COMMAND
  53662 ubuntu    20   0 1896852   1.6g   5104 R  31.0   5.1   0:13.78 deptran_server
  53660 ubuntu    20   0 1896852   1.6g   5104 S  15.0   5.1   0:06.35 deptran_server
  53661 ubuntu    20   0 1896852   1.6g   5104 S  15.0   5.1   0:06.24 deptran_server
  53663 ubuntu    20   0 1896852   1.6g   5104 S  14.0   5.1   0:05.49 deptran_server
  53591 ubuntu    20   0 1896852   1.6g   5104 S   0.0   5.1   0:00.00 deptran_server
  53664 ubuntu    20   0 1896852   1.6g   5104 S   0.0   5.1   0:00.00 deptran_server

top - 11:44:44 up  4:49,  0 users,  load average: 1.83, 1.18, 1.31
Threads:   6 total,   2 running,   4 sleeping,   0 stopped,   0 zombie
%Cpu(s):  7.0 us,  8.2 sy,  0.0 ni, 78.6 id,  0.0 wa,  0.0 hi,  1.5 si,  4.8 st
MiB Mem :  31824.5 total,  27448.3 free,   2607.0 used,   1769.2 buff/cache
MiB Swap:      0.0 total,      0.0 free,      0.0 used.  28808.3 avail Mem 

    PID USER      PR  NI    VIRT    RES    SHR S  %CPU  %MEM     TIME+ COMMAND
  53662 ubuntu    20   0 1896852   1.6g   5104 S  40.0   5.1   0:14.18 deptran_server
  53660 ubuntu    20   0 1896852   1.6g   5104 R  18.0   5.1   0:06.53 deptran_server
  53661 ubuntu    20   0 1896852   1.6g   5104 R  17.0   5.1   0:06.41 deptran_server
  53663 ubuntu    20   0 1896852   1.6g   5104 S  15.0   5.1   0:05.64 deptran_server
  53591 ubuntu    20   0 1896852   1.6g   5104 S   0.0   5.1   0:00.00 deptran_server
  53664 ubuntu    20   0 1896852   1.6g   5104 S   0.0   5.1   0:00.00 deptran_server

top - 11:44:45 up  4:49,  0 users,  load average: 1.83, 1.18, 1.31
Threads:   6 total,   0 running,   6 sleeping,   0 stopped,   0 zombie
%Cpu(s):  5.0 us,  8.1 sy,  0.0 ni, 79.4 id,  0.0 wa,  0.0 hi,  2.1 si,  5.4 st
MiB Mem :  31824.5 total,  27448.3 free,   2607.0 used,   1769.2 buff/cache
MiB Swap:      0.0 total,      0.0 free,      0.0 used.  28808.3 avail Mem 

    PID USER      PR  NI    VIRT    RES    SHR S  %CPU  %MEM     TIME+ COMMAND
  53662 ubuntu    20   0 1896852   1.6g   5104 S  37.0   5.1   0:14.55 deptran_server
  53660 ubuntu    20   0 1896852   1.6g   5104 S  18.0   5.1   0:06.71 deptran_server
  53661 ubuntu    20   0 1896852   1.6g   5104 S  18.0   5.1   0:06.59 deptran_server
  53663 ubuntu    20   0 1896852   1.6g   5104 S  15.0   5.1   0:05.79 deptran_server
  53591 ubuntu    20   0 1896852   1.6g   5104 S   0.0   5.1   0:00.00 deptran_server
  53664 ubuntu    20   0 1896852   1.6g   5104 S   0.0   5.1   0:00.00 deptran_server

top - 11:44:46 up  4:49,  0 users,  load average: 1.83, 1.18, 1.31
Threads:   6 total,   1 running,   5 sleeping,   0 stopped,   0 zombie
%Cpu(s):  6.7 us,  7.2 sy,  0.0 ni, 78.6 id,  0.0 wa,  0.0 hi,  1.8 si,  5.7 st
MiB Mem :  31824.5 total,  27448.3 free,   2607.0 used,   1769.2 buff/cache
MiB Swap:      0.0 total,      0.0 free,      0.0 used.  28808.3 avail Mem 

    PID USER      PR  NI    VIRT    RES    SHR S  %CPU  %MEM     TIME+ COMMAND
  53662 ubuntu    20   0 1896852   1.6g   5104 S  39.6   5.1   0:14.95 deptran_server
  53661 ubuntu    20   0 1896852   1.6g   5104 S  17.8   5.1   0:06.77 deptran_server
  53660 ubuntu    20   0 1896852   1.6g   5104 S  15.8   5.1   0:06.87 deptran_server
  53663 ubuntu    20   0 1896852   1.6g   5104 R  14.9   5.1   0:05.94 deptran_server
  53591 ubuntu    20   0 1896852   1.6g   5104 S   0.0   5.1   0:00.00 deptran_server
  53664 ubuntu    20   0 1896852   1.6g   5104 S   0.0   5.1   0:00.00 deptran_server

top - 11:44:47 up  4:49,  0 users,  load average: 1.93, 1.21, 1.32
Threads:   6 total,   2 running,   4 sleeping,   0 stopped,   0 zombie
%Cpu(s):  4.5 us,  5.2 sy,  0.0 ni, 78.9 id,  0.0 wa,  0.0 hi,  1.5 si,  9.9 st
MiB Mem :  31824.5 total,  27429.6 free,   2614.3 used,   1780.7 buff/cache
MiB Swap:      0.0 total,      0.0 free,      0.0 used.  28800.9 avail Mem 

    PID USER      PR  NI    VIRT    RES    SHR S  %CPU  %MEM     TIME+ COMMAND
  53662 ubuntu    20   0 1896852   1.6g   5104 R  31.0   5.1   0:15.26 deptran_server
  53661 ubuntu    20   0 1896852   1.6g   5104 S  16.0   5.1   0:06.93 deptran_server
  53660 ubuntu    20   0 1896852   1.6g   5104 R  14.0   5.1   0:07.01 deptran_server
  53663 ubuntu    20   0 1896852   1.6g   5104 S  13.0   5.1   0:06.07 deptran_server
  53591 ubuntu    20   0 1896852   1.6g   5104 S   0.0   5.1   0:00.00 deptran_server
  53664 ubuntu    20   0 1896852   1.6g   5104 S   0.0   5.1   0:00.00 deptran_server

top - 11:44:48 up  4:49,  0 users,  load average: 1.93, 1.21, 1.32
Threads:   6 total,   1 running,   5 sleeping,   0 stopped,   0 zombie
%Cpu(s):  7.2 us,  8.3 sy,  0.0 ni, 78.0 id,  0.0 wa,  0.0 hi,  1.7 si,  4.8 st
MiB Mem :  31824.5 total,  27429.6 free,   2614.3 used,   1780.7 buff/cache
MiB Swap:      0.0 total,      0.0 free,      0.0 used.  28800.9 avail Mem 

    PID USER      PR  NI    VIRT    RES    SHR S  %CPU  %MEM     TIME+ COMMAND
  53662 ubuntu    20   0 1896852   1.6g   5104 S  41.0   5.1   0:15.67 deptran_server
  53660 ubuntu    20   0 1896852   1.6g   5104 R  18.0   5.1   0:07.19 deptran_server
  53661 ubuntu    20   0 1896852   1.6g   5104 S  18.0   5.1   0:07.11 deptran_server
  53663 ubuntu    20   0 1896852   1.6g   5104 S  16.0   5.1   0:06.23 deptran_server
  53591 ubuntu    20   0 1896852   1.6g   5104 S   0.0   5.1   0:00.00 deptran_server
  53664 ubuntu    20   0 1896852   1.6g   5104 S   0.0   5.1   0:00.00 deptran_server

top - 11:44:49 up  4:49,  0 users,  load average: 1.93, 1.21, 1.32
Threads:   6 total,   2 running,   4 sleeping,   0 stopped,   0 zombie
%Cpu(s):  6.5 us,  8.6 sy,  0.0 ni, 78.8 id,  0.0 wa,  0.0 hi,  2.4 si,  3.9 st
MiB Mem :  31824.5 total,  27429.6 free,   2614.3 used,   1780.7 buff/cache
MiB Swap:      0.0 total,      0.0 free,      0.0 used.  28800.9 avail Mem 

    PID USER      PR  NI    VIRT    RES    SHR S  %CPU  %MEM     TIME+ COMMAND
  53662 ubuntu    20   0 1896852   1.6g   5104 R  41.0   5.1   0:16.08 deptran_server
  53661 ubuntu    20   0 1896852   1.6g   5104 R  20.0   5.1   0:07.31 deptran_server
  53660 ubuntu    20   0 1896852   1.6g   5104 S  19.0   5.1   0:07.38 deptran_server
  53663 ubuntu    20   0 1896852   1.6g   5104 S  16.0   5.1   0:06.39 deptran_server
  53591 ubuntu    20   0 1896852   1.6g   5104 S   0.0   5.1   0:00.00 deptran_server
  53664 ubuntu    20   0 1896852   1.6g   5104 S   0.0   5.1   0:00.00 deptran_server

top - 11:44:50 up  4:49,  0 users,  load average: 1.93, 1.21, 1.32
Threads:   6 total,   0 running,   6 sleeping,   0 stopped,   0 zombie
%Cpu(s):  5.1 us,  7.2 sy,  0.0 ni, 79.3 id,  0.0 wa,  0.0 hi,  2.1 si,  6.3 st
MiB Mem :  31824.5 total,  27409.1 free,   2622.1 used,   1793.3 buff/cache
MiB Swap:      0.0 total,      0.0 free,      0.0 used.  28793.0 avail Mem 

    PID USER      PR  NI    VIRT    RES    SHR S  %CPU  %MEM     TIME+ COMMAND
  53662 ubuntu    20   0 1896852   1.6g   5104 S  36.0   5.1   0:16.44 deptran_server
  53660 ubuntu    20   0 1896852   1.6g   5104 S  17.0   5.1   0:07.55 deptran_server
  53661 ubuntu    20   0 1896852   1.6g   5104 S  16.0   5.1   0:07.47 deptran_server
  53663 ubuntu    20   0 1896852   1.6g   5104 S  16.0   5.1   0:06.55 deptran_server
  53591 ubuntu    20   0 1896852   1.6g   5104 S   0.0   5.1   0:00.00 deptran_server
  53664 ubuntu    20   0 1896852   1.6g   5104 S   0.0   5.1   0:00.00 deptran_server

top - 11:44:51 up  4:49,  0 users,  load average: 1.93, 1.21, 1.32
Threads:   6 total,   1 running,   5 sleeping,   0 stopped,   0 zombie
%Cpu(s):  6.8 us,  7.6 sy,  0.0 ni, 77.5 id,  0.0 wa,  0.0 hi,  1.8 si,  6.2 st
MiB Mem :  31824.5 total,  27409.1 free,   2622.1 used,   1793.3 buff/cache
MiB Swap:      0.0 total,      0.0 free,      0.0 used.  28793.0 avail Mem 

    PID USER      PR  NI    VIRT    RES    SHR S  %CPU  %MEM     TIME+ COMMAND
  53662 ubuntu    20   0 1896852   1.6g   5104 R  42.0   5.1   0:16.86 deptran_server
  53660 ubuntu    20   0 1896852   1.6g   5104 S  19.0   5.1   0:07.74 deptran_server
  53661 ubuntu    20   0 1896852   1.6g   5104 S  18.0   5.1   0:07.65 deptran_server
  53663 ubuntu    20   0 1896852   1.6g   5104 S  16.0   5.1   0:06.71 deptran_server
  53591 ubuntu    20   0 1896852   1.6g   5104 S   0.0   5.1   0:00.00 deptran_server
  53664 ubuntu    20   0 1896852   1.6g   5104 S   0.0   5.1   0:00.00 deptran_server

top - 11:44:52 up  4:49,  0 users,  load average: 2.01, 1.24, 1.33
Threads:   6 total,   1 running,   5 sleeping,   0 stopped,   0 zombie
%Cpu(s):  5.5 us,  8.2 sy,  0.0 ni, 77.8 id,  0.0 wa,  0.0 hi,  2.7 si,  5.8 st
MiB Mem :  31824.5 total,  27409.1 free,   2622.1 used,   1793.3 buff/cache
MiB Swap:      0.0 total,      0.0 free,      0.0 used.  28793.0 avail Mem 

    PID USER      PR  NI    VIRT    RES    SHR S  %CPU  %MEM     TIME+ COMMAND
  53662 ubuntu    20   0 1896852   1.6g   5104 S  41.0   5.1   0:17.27 deptran_server
  53660 ubuntu    20   0 1896852   1.6g   5104 R  19.0   5.1   0:07.93 deptran_server
  53661 ubuntu    20   0 1896852   1.6g   5104 S  17.0   5.1   0:07.82 deptran_server
  53663 ubuntu    20   0 1896852   1.6g   5104 S  16.0   5.1   0:06.87 deptran_server
  53591 ubuntu    20   0 1896852   1.6g   5104 S   0.0   5.1   0:00.00 deptran_server
  53664 ubuntu    20   0 1896852   1.6g   5104 S   0.0   5.1   0:00.00 deptran_server

top - 11:44:53 up  4:49,  0 users,  load average: 2.01, 1.24, 1.33
Threads:   6 total,   0 running,   6 sleeping,   0 stopped,   0 zombie
%Cpu(s):  6.0 us,  7.9 sy,  0.0 ni, 78.4 id,  0.0 wa,  0.0 hi,  1.8 si,  5.9 st
MiB Mem :  31824.5 total,  27388.0 free,   2631.2 used,   1805.4 buff/cache
MiB Swap:      0.0 total,      0.0 free,      0.0 used.  28783.7 avail Mem 

    PID USER      PR  NI    VIRT    RES    SHR S  %CPU  %MEM     TIME+ COMMAND
  53662 ubuntu    20   0 1896852   1.6g   5104 S  38.6   5.2   0:17.66 deptran_server
  53660 ubuntu    20   0 1896852   1.6g   5104 S  18.8   5.2   0:08.12 deptran_server
  53661 ubuntu    20   0 1896852   1.6g   5104 S  17.8   5.2   0:08.00 deptran_server
  53663 ubuntu    20   0 1896852   1.6g   5104 S  16.8   5.2   0:07.04 deptran_server
  53591 ubuntu    20   0 1896852   1.6g   5104 S   0.0   5.2   0:00.00 deptran_server
  53664 ubuntu    20   0 1896852   1.6g   5104 S   0.0   5.2   0:00.00 deptran_server

top - 11:44:54 up  4:49,  0 users,  load average: 2.01, 1.24, 1.33
Threads:   6 total,   1 running,   5 sleeping,   0 stopped,   0 zombie
%Cpu(s):  6.8 us,  8.8 sy,  0.0 ni, 78.2 id,  0.0 wa,  0.0 hi,  2.5 si,  3.6 st
MiB Mem :  31824.5 total,  27388.0 free,   2631.2 used,   1805.4 buff/cache
MiB Swap:      0.0 total,      0.0 free,      0.0 used.  28783.7 avail Mem 

    PID USER      PR  NI    VIRT    RES    SHR S  %CPU  %MEM     TIME+ COMMAND
  53662 ubuntu    20   0 1896852   1.6g   5104 R  44.0   5.2   0:18.10 deptran_server
  53660 ubuntu    20   0 1896852   1.6g   5104 S  20.0   5.2   0:08.32 deptran_server
  53661 ubuntu    20   0 1896852   1.6g   5104 S  19.0   5.2   0:08.19 deptran_server
  53663 ubuntu    20   0 1896852   1.6g   5104 S  17.0   5.2   0:07.21 deptran_server
  53591 ubuntu    20   0 1896852   1.6g   5104 S   0.0   5.2   0:00.00 deptran_server
  53664 ubuntu    20   0 1896852   1.6g   5104 S   0.0   5.2   0:00.00 deptran_server

top - 11:44:55 up  4:49,  0 users,  load average: 2.01, 1.24, 1.33
Threads:   6 total,   1 running,   5 sleeping,   0 stopped,   0 zombie
%Cpu(s):  6.0 us,  6.8 sy,  0.0 ni, 78.9 id,  0.0 wa,  0.0 hi,  2.3 si,  6.0 st
MiB Mem :  31824.5 total,  27388.0 free,   2631.2 used,   1805.4 buff/cache
MiB Swap:      0.0 total,      0.0 free,      0.0 used.  28783.7 avail Mem 

    PID USER      PR  NI    VIRT    RES    SHR S  %CPU  %MEM     TIME+ COMMAND
  53662 ubuntu    20   0 1962388   1.6g   5104 S  39.0   5.2   0:18.49 deptran_server
  53660 ubuntu    20   0 1962388   1.6g   5104 S  18.0   5.2   0:08.50 deptran_server
  53661 ubuntu    20   0 1962388   1.6g   5104 R  18.0   5.2   0:08.37 deptran_server
  53663 ubuntu    20   0 1962388   1.6g   5104 S  15.0   5.2   0:07.36 deptran_server
  53591 ubuntu    20   0 1962388   1.6g   5104 S   0.0   5.2   0:00.00 deptran_server
  53664 ubuntu    20   0 1962388   1.6g   5104 S   0.0   5.2   0:00.00 deptran_server

top - 11:44:56 up  4:49,  0 users,  load average: 2.01, 1.24, 1.33
Threads:   6 total,   2 running,   4 sleeping,   0 stopped,   0 zombie
%Cpu(s):  6.0 us,  6.6 sy,  0.0 ni, 79.2 id,  0.0 wa,  0.0 hi,  1.7 si,  6.6 st
MiB Mem :  31824.5 total,  27366.6 free,   2640.2 used,   1817.8 buff/cache
MiB Swap:      0.0 total,      0.0 free,      0.0 used.  28774.6 avail Mem 

    PID USER      PR  NI    VIRT    RES    SHR S  %CPU  %MEM     TIME+ COMMAND
  53662 ubuntu    20   0 1962388   1.6g   5104 S  35.0   5.2   0:18.84 deptran_server
  53661 ubuntu    20   0 1962388   1.6g   5104 R  16.0   5.2   0:08.53 deptran_server
  53660 ubuntu    20   0 1962388   1.6g   5104 S  14.0   5.2   0:08.64 deptran_server
  53663 ubuntu    20   0 1962388   1.6g   5104 R  14.0   5.2   0:07.50 deptran_server
  53591 ubuntu    20   0 1962388   1.6g   5104 S   0.0   5.2   0:00.00 deptran_server
  53664 ubuntu    20   0 1962388   1.6g   5104 S   0.0   5.2   0:00.00 deptran_server

top - 11:44:57 up  4:49,  0 users,  load average: 1.93, 1.24, 1.33
Threads:   6 total,   1 running,   5 sleeping,   0 stopped,   0 zombie
%Cpu(s):  6.3 us,  8.1 sy,  0.0 ni, 78.1 id,  0.0 wa,  0.0 hi,  2.0 si,  5.5 st
MiB Mem :  31824.5 total,  27366.6 free,   2640.2 used,   1817.8 buff/cache
MiB Swap:      0.0 total,      0.0 free,      0.0 used.  28774.6 avail Mem 

    PID USER      PR  NI    VIRT    RES    SHR S  %CPU  %MEM     TIME+ COMMAND
  53662 ubuntu    20   0 1962388   1.6g   5104 R  41.0   5.2   0:19.25 deptran_server
  53660 ubuntu    20   0 1962388   1.6g   5104 S  19.0   5.2   0:08.83 deptran_server
  53661 ubuntu    20   0 1962388   1.6g   5104 S  19.0   5.2   0:08.72 deptran_server
  53663 ubuntu    20   0 1962388   1.6g   5104 S  16.0   5.2   0:07.66 deptran_server
  53591 ubuntu    20   0 1962388   1.6g   5104 S   0.0   5.2   0:00.00 deptran_server
  53664 ubuntu    20   0 1962388   1.6g   5104 S   0.0   5.2   0:00.00 deptran_server

top - 11:44:58 up  4:49,  0 users,  load average: 1.93, 1.24, 1.33
Threads:   6 total,   1 running,   5 sleeping,   0 stopped,   0 zombie
%Cpu(s):  5.0 us,  6.8 sy,  0.0 ni, 79.8 id,  0.0 wa,  0.0 hi,  1.7 si,  6.7 st
MiB Mem :  31824.5 total,  27366.6 free,   2640.2 used,   1817.8 buff/cache
MiB Swap:      0.0 total,      0.0 free,      0.0 used.  28774.6 avail Mem 

    PID USER      PR  NI    VIRT    RES    SHR S  %CPU  %MEM     TIME+ COMMAND
  53662 ubuntu    20   0 1962388   1.6g   5104 S  37.0   5.2   0:19.62 deptran_server
  53660 ubuntu    20   0 1962388   1.6g   5104 S  17.0   5.2   0:09.00 deptran_server
  53661 ubuntu    20   0 1962388   1.6g   5104 S  16.0   5.2   0:08.88 deptran_server
  53663 ubuntu    20   0 1962388   1.6g   5104 R  15.0   5.2   0:07.81 deptran_server
  53591 ubuntu    20   0 1962388   1.6g   5104 S   0.0   5.2   0:00.00 deptran_server
  53664 ubuntu    20   0 1962388   1.6g   5104 S   0.0   5.2   0:00.00 deptran_server

top - 11:44:59 up  4:49,  0 users,  load average: 1.93, 1.24, 1.33
Threads:   6 total,   1 running,   5 sleeping,   0 stopped,   0 zombie
%Cpu(s):  6.7 us,  7.3 sy,  0.0 ni, 78.5 id,  0.0 wa,  0.0 hi,  1.7 si,  5.9 st
MiB Mem :  31824.5 total,  27346.1 free,   2647.9 used,   1830.5 buff/cache
MiB Swap:      0.0 total,      0.0 free,      0.0 used.  28766.7 avail Mem 

    PID USER      PR  NI    VIRT    RES    SHR S  %CPU  %MEM     TIME+ COMMAND
  53662 ubuntu    20   0 1962388   1.6g   5104 R  37.6   5.2   0:20.00 deptran_server
  53660 ubuntu    20   0 1962388   1.6g   5104 S  16.8   5.2   0:09.17 deptran_server
  53661 ubuntu    20   0 1962388   1.6g   5104 S  15.8   5.2   0:09.04 deptran_server
  53663 ubuntu    20   0 1962388   1.6g   5104 S  14.9   5.2   0:07.96 deptran_server
  53591 ubuntu    20   0 1962388   1.6g   5104 S   0.0   5.2   0:00.00 deptran_server
  53664 ubuntu    20   0 1962388   1.6g   5104 S   0.0   5.2   0:00.00 deptran_server

top - 11:45:00 up  4:49,  0 users,  load average: 1.93, 1.24, 1.33
Threads:   6 total,   2 running,   4 sleeping,   0 stopped,   0 zombie
%Cpu(s):  6.2 us,  8.1 sy,  0.0 ni, 78.9 id,  0.0 wa,  0.0 hi,  2.4 si,  4.5 st
MiB Mem :  31824.5 total,  27346.1 free,   2647.9 used,   1830.5 buff/cache
MiB Swap:      0.0 total,      0.0 free,      0.0 used.  28766.7 avail Mem 

    PID USER      PR  NI    VIRT    RES    SHR S  %CPU  %MEM     TIME+ COMMAND
  53662 ubuntu    20   0 1962388   1.6g   5104 S  41.0   5.2   0:20.41 deptran_server
  53660 ubuntu    20   0 1962388   1.6g   5104 R  19.0   5.2   0:09.36 deptran_server
  53661 ubuntu    20   0 1962388   1.6g   5104 R  18.0   5.2   0:09.22 deptran_server
  53663 ubuntu    20   0 1962388   1.6g   5104 S  16.0   5.2   0:08.12 deptran_server
  53591 ubuntu    20   0 1962388   1.6g   5104 S   0.0   5.2   0:00.00 deptran_server
  53664 ubuntu    20   0 1962388   1.6g   5104 S   0.0   5.2   0:00.00 deptran_server

top - 11:45:01 up  4:49,  0 users,  load average: 1.93, 1.24, 1.33
Threads:   6 total,   2 running,   4 sleeping,   0 stopped,   0 zombie
%Cpu(s):  4.9 us,  6.2 sy,  0.0 ni, 78.4 id,  0.0 wa,  0.0 hi,  1.7 si,  8.8 st
MiB Mem :  31824.5 total,  27346.1 free,   2647.9 used,   1830.5 buff/cache
MiB Swap:      0.0 total,      0.0 free,      0.0 used.  28766.7 avail Mem 

    PID USER      PR  NI    VIRT    RES    SHR S  %CPU  %MEM     TIME+ COMMAND
  53662 ubuntu    20   0 1962388   1.6g   5104 R  38.0   5.2   0:20.79 deptran_server
  53661 ubuntu    20   0 1962388   1.6g   5104 R  18.0   5.2   0:09.40 deptran_server
  53660 ubuntu    20   0 1962388   1.6g   5104 S  17.0   5.2   0:09.53 deptran_server
  53663 ubuntu    20   0 1962388   1.6g   5104 S  14.0   5.2   0:08.26 deptran_server
  53591 ubuntu    20   0 1962388   1.6g   5104 S   0.0   5.2   0:00.00 deptran_server
  53664 ubuntu    20   0 1962388   1.6g   5104 S   0.0   5.2   0:00.00 deptran_server

top - 11:45:02 up  4:49,  0 users,  load average: 2.10, 1.29, 1.35
Threads:   6 total,   3 running,   3 sleeping,   0 stopped,   0 zombie
%Cpu(s):  6.3 us,  7.8 sy,  0.0 ni, 78.2 id,  0.0 wa,  0.0 hi,  1.9 si,  5.8 st
MiB Mem :  31824.5 total,  27326.4 free,   2655.5 used,   1842.6 buff/cache
MiB Swap:      0.0 total,      0.0 free,      0.0 used.  28758.9 avail Mem 

    PID USER      PR  NI    VIRT    RES    SHR S  %CPU  %MEM     TIME+ COMMAND
  53662 ubuntu    20   0 1962388   1.6g   5104 R  40.0   5.2   0:21.19 deptran_server
  53661 ubuntu    20   0 1962388   1.6g   5104 R  17.0   5.2   0:09.57 deptran_server
  53663 ubuntu    20   0 1962388   1.6g   5104 R  17.0   5.2   0:08.43 deptran_server
  53660 ubuntu    20   0 1962388   1.6g   5104 S  16.0   5.2   0:09.69 deptran_server
  53591 ubuntu    20   0 1962388   1.6g   5104 S   0.0   5.2   0:00.00 deptran_server
  53664 ubuntu    20   0 1962388   1.6g   5104 S   0.0   5.2   0:00.00 deptran_server

top - 11:45:03 up  4:50,  0 users,  load average: 2.10, 1.29, 1.35
Threads:   6 total,   2 running,   4 sleeping,   0 stopped,   0 zombie
%Cpu(s):  5.7 us,  6.8 sy,  0.0 ni, 78.3 id,  0.0 wa,  0.0 hi,  1.6 si,  7.6 st
MiB Mem :  31824.5 total,  27326.4 free,   2655.5 used,   1842.6 buff/cache
MiB Swap:      0.0 total,      0.0 free,      0.0 used.  28758.9 avail Mem 

    PID USER      PR  NI    VIRT    RES    SHR S  %CPU  %MEM     TIME+ COMMAND
  53662 ubuntu    20   0 1962388   1.6g   5104 R  40.0   5.2   0:21.59 deptran_server
  53660 ubuntu    20   0 1962388   1.6g   5104 S  19.0   5.2   0:09.88 deptran_server
  53661 ubuntu    20   0 1962388   1.6g   5104 R  16.0   5.2   0:09.73 deptran_server
  53663 ubuntu    20   0 1962388   1.6g   5104 S  16.0   5.2   0:08.59 deptran_server
  53591 ubuntu    20   0 1962388   1.6g   5104 S   0.0   5.2   0:00.00 deptran_server
  53664 ubuntu    20   0 1962388   1.6g   5104 S   0.0   5.2   0:00.00 deptran_server

top - 11:45:04 up  4:50,  0 users,  load average: 2.10, 1.29, 1.35
Threads:   6 total,   2 running,   4 sleeping,   0 stopped,   0 zombie
%Cpu(s):  5.0 us,  5.5 sy,  0.0 ni, 80.3 id,  0.0 wa,  0.0 hi,  1.8 si,  7.3 st
MiB Mem :  31824.5 total,  27326.4 free,   2655.5 used,   1842.6 buff/cache
MiB Swap:      0.0 total,      0.0 free,      0.0 used.  28758.9 avail Mem 

    PID USER      PR  NI    VIRT    RES    SHR S  %CPU  %MEM     TIME+ COMMAND
  53662 ubuntu    20   0 1962388   1.6g   5104 S  38.0   5.2   0:21.97 deptran_server
  53660 ubuntu    20   0 1962388   1.6g   5104 S  18.0   5.2   0:10.06 deptran_server
  53661 ubuntu    20   0 1962388   1.6g   5104 R  17.0   5.2   0:09.90 deptran_server
  53663 ubuntu    20   0 1962388   1.6g   5104 R  15.0   5.2   0:08.74 deptran_server
  53591 ubuntu    20   0 1962388   1.6g   5104 S   0.0   5.2   0:00.00 deptran_server
  53664 ubuntu    20   0 1962388   1.6g   5104 S   0.0   5.2   0:00.00 deptran_server

top - 11:45:05 up  4:50,  0 users,  load average: 2.10, 1.29, 1.35
Threads:   6 total,   1 running,   5 sleeping,   0 stopped,   0 zombie
%Cpu(s):  4.6 us,  5.6 sy,  0.0 ni, 75.5 id,  2.6 wa,  0.0 hi,  2.2 si,  9.5 st
MiB Mem :  31824.5 total,  27309.0 free,   2663.2 used,   1852.4 buff/cache
MiB Swap:      0.0 total,      0.0 free,      0.0 used.  28751.0 avail Mem 

    PID USER      PR  NI    VIRT    RES    SHR S  %CPU  %MEM     TIME+ COMMAND
  53662 ubuntu    20   0 1962388   1.6g   5104 S  32.7   5.3   0:22.30 deptran_server
  53660 ubuntu    20   0 1962388   1.6g   5104 S  15.8   5.3   0:10.22 deptran_server
  53661 ubuntu    20   0 1962388   1.6g   5104 S  14.9   5.3   0:10.05 deptran_server
  53663 ubuntu    20   0 1962388   1.6g   5104 R  11.9   5.3   0:08.86 deptran_server
  53591 ubuntu    20   0 1962388   1.6g   5104 S   0.0   5.3   0:00.00 deptran_server
  53664 ubuntu    20   0 1962388   1.6g   5104 S   0.0   5.3   0:00.00 deptran_server

top - 11:45:06 up  4:50,  0 users,  load average: 2.10, 1.29, 1.35
Threads:   6 total,   1 running,   5 sleeping,   0 stopped,   0 zombie
%Cpu(s):  3.8 us,  5.2 sy,  0.0 ni, 79.5 id,  0.0 wa,  0.0 hi,  1.5 si,  9.9 st
MiB Mem :  31824.5 total,  27309.0 free,   2663.2 used,   1852.4 buff/cache
MiB Swap:      0.0 total,      0.0 free,      0.0 used.  28751.0 avail Mem 

    PID USER      PR  NI    VIRT    RES    SHR S  %CPU  %MEM     TIME+ COMMAND
  53662 ubuntu    20   0 1962388   1.6g   5104 R  32.0   5.3   0:22.62 deptran_server
  53660 ubuntu    20   0 1962388   1.6g   5104 S  15.0   5.3   0:10.37 deptran_server
  53661 ubuntu    20   0 1962388   1.6g   5104 S  14.0   5.3   0:10.19 deptran_server
  53663 ubuntu    20   0 1962388   1.6g   5104 S  13.0   5.3   0:08.99 deptran_server
  53591 ubuntu    20   0 1962388   1.6g   5104 S   0.0   5.3   0:00.00 deptran_server
  53664 ubuntu    20   0 1962388   1.6g   5104 S   0.0   5.3   0:00.00 deptran_server

top - 11:45:07 up  4:50,  0 users,  load average: 2.01, 1.28, 1.34
Threads:   6 total,   1 running,   5 sleeping,   0 stopped,   0 zombie
%Cpu(s):  4.7 us,  6.0 sy,  0.0 ni, 78.5 id,  0.0 wa,  0.0 hi,  2.3 si,  8.5 st
MiB Mem :  31824.5 total,  27309.0 free,   2663.2 used,   1852.4 buff/cache
MiB Swap:      0.0 total,      0.0 free,      0.0 used.  28751.0 avail Mem 

    PID USER      PR  NI    VIRT    RES    SHR S  %CPU  %MEM     TIME+ COMMAND
  53662 ubuntu    20   0 1962388   1.6g   5104 R  36.0   5.3   0:22.98 deptran_server
  53660 ubuntu    20   0 1962388   1.6g   5104 S  18.0   5.3   0:10.55 deptran_server
  53661 ubuntu    20   0 1962388   1.6g   5104 S  17.0   5.3   0:10.36 deptran_server
  53663 ubuntu    20   0 1962388   1.6g   5104 S  16.0   5.3   0:09.15 deptran_server
  53591 ubuntu    20   0 1962388   1.6g   5104 S   0.0   5.3   0:00.00 deptran_server
  53664 ubuntu    20   0 1962388   1.6g   5104 S   0.0   5.3   0:00.00 deptran_server

top - 11:45:08 up  4:50,  0 users,  load average: 2.01, 1.28, 1.34
Threads:   6 total,   1 running,   5 sleeping,   0 stopped,   0 zombie
%Cpu(s):  5.3 us,  7.1 sy,  0.0 ni, 78.6 id,  0.0 wa,  0.0 hi,  1.9 si,  7.0 st
MiB Mem :  31824.5 total,  27292.7 free,   2669.7 used,   1862.1 buff/cache
MiB Swap:      0.0 total,      0.0 free,      0.0 used.  28744.5 avail Mem 

    PID USER      PR  NI    VIRT    RES    SHR S  %CPU  %MEM     TIME+ COMMAND
  53662 ubuntu    20   0 1962388   1.6g   5104 S  36.0   5.3   0:23.34 deptran_server
  53661 ubuntu    20   0 1962388   1.6g   5104 R  16.0   5.3   0:10.52 deptran_server
  53660 ubuntu    20   0 1962388   1.6g   5104 S  15.0   5.3   0:10.70 deptran_server
  53663 ubuntu    20   0 1962388   1.6g   5104 S  15.0   5.3   0:09.30 deptran_server
  53591 ubuntu    20   0 1962388   1.6g   5104 S   0.0   5.3   0:00.00 deptran_server
  53664 ubuntu    20   0 1962388   1.6g   5104 S   0.0   5.3   0:00.00 deptran_server

top - 11:45:09 up  4:50,  0 users,  load average: 2.01, 1.28, 1.34
Threads:   6 total,   0 running,   6 sleeping,   0 stopped,   0 zombie
%Cpu(s):  5.9 us,  7.2 sy,  0.0 ni, 79.0 id,  0.0 wa,  0.0 hi,  1.7 si,  6.2 st
MiB Mem :  31824.5 total,  27292.7 free,   2669.7 used,   1862.1 buff/cache
MiB Swap:      0.0 total,      0.0 free,      0.0 used.  28744.5 avail Mem 

    PID USER      PR  NI    VIRT    RES    SHR S  %CPU  %MEM     TIME+ COMMAND
  53662 ubuntu    20   0 1962388   1.6g   5104 S  35.0   5.3   0:23.69 deptran_server
  53660 ubuntu    20   0 1962388   1.6g   5104 S  18.0   5.3   0:10.88 deptran_server
  53661 ubuntu    20   0 1962388   1.6g   5104 S  16.0   5.3   0:10.68 deptran_server
  53663 ubuntu    20   0 1962388   1.6g   5104 S  15.0   5.3   0:09.45 deptran_server
  53591 ubuntu    20   0 1962388   1.6g   5104 S   0.0   5.3   0:00.00 deptran_server
  53664 ubuntu    20   0 1962388   1.6g   5104 S   0.0   5.3   0:00.00 deptran_server

top - 11:45:10 up  4:50,  0 users,  load average: 2.01, 1.28, 1.34
Threads:   6 total,   2 running,   4 sleeping,   0 stopped,   0 zombie
%Cpu(s):  5.6 us,  7.6 sy,  0.0 ni, 79.1 id,  0.0 wa,  0.0 hi,  1.8 si,  5.9 st
MiB Mem :  31824.5 total,  27292.7 free,   2669.7 used,   1862.1 buff/cache
MiB Swap:      0.0 total,      0.0 free,      0.0 used.  28744.5 avail Mem 

    PID USER      PR  NI    VIRT    RES    SHR S  %CPU  %MEM     TIME+ COMMAND
  53662 ubuntu    20   0 1963072   1.6g   5104 R  38.0   5.3   0:24.07 deptran_server
  53661 ubuntu    20   0 1963072   1.6g   5104 R  18.0   5.3   0:10.86 deptran_server
  53660 ubuntu    20   0 1963072   1.6g   5104 S  17.0   5.3   0:11.05 deptran_server
  53663 ubuntu    20   0 1963072   1.6g   5104 S  15.0   5.3   0:09.60 deptran_server
  53591 ubuntu    20   0 1963072   1.6g   5104 S   0.0   5.3   0:00.00 deptran_server
  53664 ubuntu    20   0 1963072   1.6g   5104 S   0.0   5.3   0:00.00 deptran_server

top - 11:45:11 up  4:50,  0 users,  load average: 2.01, 1.28, 1.34
Threads:   6 total,   1 running,   5 sleeping,   0 stopped,   0 zombie
%Cpu(s):  5.2 us,  6.3 sy,  0.0 ni, 78.1 id,  0.0 wa,  0.0 hi,  1.9 si,  8.5 st
MiB Mem :  31824.5 total,  27273.5 free,   2677.5 used,   1873.5 buff/cache
MiB Swap:      0.0 total,      0.0 free,      0.0 used.  28736.5 avail Mem 

    PID USER      PR  NI    VIRT    RES    SHR S  %CPU  %MEM     TIME+ COMMAND
  53662 ubuntu    20   0 1963072   1.6g   5104 S  33.7   5.3   0:24.41 deptran_server
  53660 ubuntu    20   0 1963072   1.6g   5104 S  15.8   5.3   0:11.21 deptran_server
  53661 ubuntu    20   0 1963072   1.6g   5104 S  14.9   5.3   0:11.01 deptran_server
  53663 ubuntu    20   0 1963072   1.6g   5104 R  13.9   5.3   0:09.74 deptran_server
  53591 ubuntu    20   0 1963072   1.6g   5104 S   0.0   5.3   0:00.00 deptran_server
  53664 ubuntu    20   0 1963072   1.6g   5104 S   0.0   5.3   0:00.00 deptran_server

top - 11:45:12 up  4:50,  0 users,  load average: 2.17, 1.33, 1.36
Threads:   6 total,   3 running,   3 sleeping,   0 stopped,   0 zombie
%Cpu(s):  4.2 us,  5.7 sy,  0.0 ni, 79.0 id,  0.0 wa,  0.0 hi,  1.7 si,  9.4 st
MiB Mem :  31824.5 total,  27273.5 free,   2677.5 used,   1873.5 buff/cache
MiB Swap:      0.0 total,      0.0 free,      0.0 used.  28736.5 avail Mem 

    PID USER      PR  NI    VIRT    RES    SHR S  %CPU  %MEM     TIME+ COMMAND
  53662 ubuntu    20   0 1963072   1.6g   5104 R  36.0   5.3   0:24.77 deptran_server
  53660 ubuntu    20   0 1963072   1.6g   5104 R  16.0   5.3   0:11.37 deptran_server
  53661 ubuntu    20   0 1963072   1.6g   5104 S  15.0   5.3   0:11.16 deptran_server
  53663 ubuntu    20   0 1963072   1.6g   5104 R  14.0   5.3   0:09.88 deptran_server
  53591 ubuntu    20   0 1963072   1.6g   5104 S   0.0   5.3   0:00.00 deptran_server
  53664 ubuntu    20   0 1963072   1.6g   5104 S   0.0   5.3   0:00.00 deptran_server

top - 11:45:13 up  4:50,  0 users,  load average: 2.17, 1.33, 1.36
Threads:   6 total,   3 running,   3 sleeping,   0 stopped,   0 zombie
%Cpu(s):  5.7 us,  8.6 sy,  0.0 ni, 78.9 id,  0.0 wa,  0.0 hi,  1.9 si,  5.0 st
MiB Mem :  31824.5 total,  27273.5 free,   2677.5 used,   1873.5 buff/cache
MiB Swap:      0.0 total,      0.0 free,      0.0 used.  28736.5 avail Mem 

    PID USER      PR  NI    VIRT    RES    SHR S  %CPU  %MEM     TIME+ COMMAND
  53662 ubuntu    20   0 1963072   1.7g   5104 R  41.0   5.3   0:25.18 deptran_server
  53660 ubuntu    20   0 1963072   1.7g   5104 R  20.0   5.3   0:11.57 deptran_server
  53661 ubuntu    20   0 1963072   1.7g   5104 R  19.0   5.3   0:11.35 deptran_server
  53663 ubuntu    20   0 1963072   1.7g   5104 S  17.0   5.3   0:10.05 deptran_server
  53591 ubuntu    20   0 1963072   1.7g   5104 S   0.0   5.3   0:00.00 deptran_server
  53664 ubuntu    20   0 1963072   1.7g   5104 S   0.0   5.3   0:00.00 deptran_server

top - 11:45:14 up  4:50,  0 users,  load average: 2.17, 1.33, 1.36
Threads:   6 total,   2 running,   4 sleeping,   0 stopped,   0 zombie
%Cpu(s):  6.3 us,  6.9 sy,  0.0 ni, 79.1 id,  0.0 wa,  0.0 hi,  1.6 si,  6.1 st
MiB Mem :  31824.5 total,  27253.9 free,   2686.3 used,   1884.4 buff/cache
MiB Swap:      0.0 total,      0.0 free,      0.0 used.  28727.6 avail Mem 

    PID USER      PR  NI    VIRT    RES    SHR S  %CPU  %MEM     TIME+ COMMAND
  53662 ubuntu    20   0 1963072   1.7g   5104 R  35.0   5.3   0:25.53 deptran_server
  53661 ubuntu    20   0 1963072   1.7g   5104 S  17.0   5.3   0:11.52 deptran_server
  53660 ubuntu    20   0 1963072   1.7g   5104 R  15.0   5.3   0:11.72 deptran_server
  53663 ubuntu    20   0 1963072   1.7g   5104 S  14.0   5.3   0:10.19 deptran_server
  53591 ubuntu    20   0 1963072   1.7g   5104 S   0.0   5.3   0:00.00 deptran_server
  53664 ubuntu    20   0 1963072   1.7g   5104 S   0.0   5.3   0:00.00 deptran_server

top - 11:45:15 up  4:50,  0 users,  load average: 2.17, 1.33, 1.36
Threads:   6 total,   3 running,   3 sleeping,   0 stopped,   0 zombie
%Cpu(s):  4.6 us,  5.4 sy,  0.0 ni, 79.1 id,  0.0 wa,  0.0 hi,  1.7 si,  9.2 st
MiB Mem :  31824.5 total,  27253.9 free,   2686.3 used,   1884.4 buff/cache
MiB Swap:      0.0 total,      0.0 free,      0.0 used.  28727.6 avail Mem 

    PID USER      PR  NI    VIRT    RES    SHR S  %CPU  %MEM     TIME+ COMMAND
  53662 ubuntu    20   0 1963072   1.7g   5104 R  32.0   5.3   0:25.85 deptran_server
  53660 ubuntu    20   0 1963072   1.7g   5104 R  15.0   5.3   0:11.87 deptran_server
  53661 ubuntu    20   0 1963072   1.7g   5104 R  15.0   5.3   0:11.67 deptran_server
  53663 ubuntu    20   0 1963072   1.7g   5104 S  15.0   5.3   0:10.34 deptran_server
  53591 ubuntu    20   0 1963072   1.7g   5104 S   0.0   5.3   0:00.00 deptran_server
  53664 ubuntu    20   0 1963072   1.7g   5104 S   0.0   5.3   0:00.00 deptran_server

top - 11:45:16 up  4:50,  0 users,  load average: 2.17, 1.33, 1.36
Threads:   6 total,   2 running,   4 sleeping,   0 stopped,   0 zombie
%Cpu(s):  4.8 us,  8.2 sy,  0.0 ni, 78.6 id,  0.0 wa,  0.0 hi,  2.0 si,  6.5 st
MiB Mem :  31824.5 total,  27253.9 free,   2686.3 used,   1884.4 buff/cache
MiB Swap:      0.0 total,      0.0 free,      0.0 used.  28727.6 avail Mem 

    PID USER      PR  NI    VIRT    RES    SHR S  %CPU  %MEM     TIME+ COMMAND
  53662 ubuntu    20   0 1963072   1.7g   5104 R  39.0   5.3   0:26.24 deptran_server
  53660 ubuntu    20   0 1963072   1.7g   5104 S  18.0   5.3   0:12.05 deptran_server
  53661 ubuntu    20   0 1963072   1.7g   5104 R  17.0   5.3   0:11.84 deptran_server
  53663 ubuntu    20   0 1963072   1.7g   5104 S  14.0   5.3   0:10.48 deptran_server
  53591 ubuntu    20   0 1963072   1.7g   5104 S   0.0   5.3   0:00.00 deptran_server
  53664 ubuntu    20   0 1963072   1.7g   5104 S   0.0   5.3   0:00.00 deptran_server

top - 11:45:17 up  4:50,  0 users,  load average: 2.08, 1.32, 1.36
Threads:   6 total,   1 running,   5 sleeping,   0 stopped,   0 zombie
%Cpu(s):  6.4 us,  7.6 sy,  0.0 ni, 78.9 id,  0.0 wa,  0.0 hi,  2.0 si,  5.0 st
MiB Mem :  31824.5 total,  27234.9 free,   2693.7 used,   1896.0 buff/cache
MiB Swap:      0.0 total,      0.0 free,      0.0 used.  28720.0 avail Mem 

    PID USER      PR  NI    VIRT    RES    SHR S  %CPU  %MEM     TIME+ COMMAND
  53662 ubuntu    20   0 1963072   1.7g   5104 S  38.6   5.3   0:26.63 deptran_server
  53660 ubuntu    20   0 1963072   1.7g   5104 R  18.8   5.3   0:12.24 deptran_server
  53661 ubuntu    20   0 1963072   1.7g   5104 S  17.8   5.3   0:12.02 deptran_server
  53663 ubuntu    20   0 1963072   1.7g   5104 S  16.8   5.3   0:10.65 deptran_server
  53591 ubuntu    20   0 1963072   1.7g   5104 S   0.0   5.3   0:00.00 deptran_server
  53664 ubuntu    20   0 1963072   1.7g   5104 S   0.0   5.3   0:00.00 deptran_server

top - 11:45:18 up  4:50,  0 users,  load average: 2.08, 1.32, 1.36
Threads:   6 total,   2 running,   4 sleeping,   0 stopped,   0 zombie
%Cpu(s):  4.7 us,  6.0 sy,  0.0 ni, 79.1 id,  0.0 wa,  0.0 hi,  2.2 si,  8.1 st
MiB Mem :  31824.5 total,  27234.9 free,   2693.7 used,   1896.0 buff/cache
MiB Swap:      0.0 total,      0.0 free,      0.0 used.  28720.0 avail Mem 

    PID USER      PR  NI    VIRT    RES    SHR S  %CPU  %MEM     TIME+ COMMAND
  53662 ubuntu    20   0 1963072   1.7g   5104 R  36.0   5.4   0:26.99 deptran_server
  53660 ubuntu    20   0 1963072   1.7g   5104 R  17.0   5.4   0:12.41 deptran_server
  53661 ubuntu    20   0 1963072   1.7g   5104 S  15.0   5.4   0:12.17 deptran_server
  53663 ubuntu    20   0 1963072   1.7g   5104 S  14.0   5.4   0:10.79 deptran_server
  53591 ubuntu    20   0 1963072   1.7g   5104 S   0.0   5.4   0:00.00 deptran_server
  53664 ubuntu    20   0 1963072   1.7g   5104 S   0.0   5.4   0:00.00 deptran_server

top - 11:45:19 up  4:50,  0 users,  load average: 2.08, 1.32, 1.36
Threads:   6 total,   1 running,   5 sleeping,   0 stopped,   0 zombie
%Cpu(s):  6.1 us,  8.0 sy,  0.0 ni, 78.4 id,  0.0 wa,  0.0 hi,  2.2 si,  5.3 st
MiB Mem :  31824.5 total,  27234.9 free,   2693.7 used,   1896.0 buff/cache
MiB Swap:      0.0 total,      0.0 free,      0.0 used.  28720.0 avail Mem 

    PID USER      PR  NI    VIRT    RES    SHR S  %CPU  %MEM     TIME+ COMMAND
  53662 ubuntu    20   0 1963072   1.7g   5104 R  39.0   5.4   0:27.38 deptran_server
  53660 ubuntu    20   0 1963072   1.7g   5104 S  19.0   5.4   0:12.60 deptran_server
  53661 ubuntu    20   0 1963072   1.7g   5104 S  19.0   5.4   0:12.36 deptran_server
  53663 ubuntu    20   0 1963072   1.7g   5104 S  17.0   5.4   0:10.96 deptran_server
  53591 ubuntu    20   0 1963072   1.7g   5104 S   0.0   5.4   0:00.00 deptran_server
  53664 ubuntu    20   0 1963072   1.7g   5104 S   0.0   5.4   0:00.00 deptran_server

top - 11:45:20 up  4:50,  0 users,  load average: 2.08, 1.32, 1.36
Threads:   6 total,   1 running,   5 sleeping,   0 stopped,   0 zombie
%Cpu(s):  5.8 us,  6.6 sy,  0.0 ni, 79.7 id,  0.0 wa,  0.0 hi,  1.8 si,  6.0 st
MiB Mem :  31824.5 total,  27215.0 free,   2701.9 used,   1907.7 buff/cache
MiB Swap:      0.0 total,      0.0 free,      0.0 used.  28711.7 avail Mem 

    PID USER      PR  NI    VIRT    RES    SHR S  %CPU  %MEM     TIME+ COMMAND
  53662 ubuntu    20   0 2028608   1.7g   5104 S  39.0   5.4   0:27.77 deptran_server
  53660 ubuntu    20   0 2028608   1.7g   5104 S  19.0   5.4   0:12.79 deptran_server
  53661 ubuntu    20   0 2028608   1.7g   5104 S  19.0   5.4   0:12.55 deptran_server
  53663 ubuntu    20   0 2028608   1.7g   5104 R  14.0   5.4   0:11.10 deptran_server
  53591 ubuntu    20   0 2028608   1.7g   5104 S   0.0   5.4   0:00.00 deptran_server
  53664 ubuntu    20   0 2028608   1.7g   5104 S   0.0   5.4   0:00.00 deptran_server

top - 11:45:21 up  4:50,  0 users,  load average: 2.08, 1.32, 1.36
Threads:   6 total,   1 running,   5 sleeping,   0 stopped,   0 zombie
%Cpu(s):  5.6 us,  5.8 sy,  0.0 ni, 79.5 id,  0.0 wa,  0.0 hi,  1.8 si,  7.3 st
MiB Mem :  31824.5 total,  27215.0 free,   2701.9 used,   1907.7 buff/cache
MiB Swap:      0.0 total,      0.0 free,      0.0 used.  28711.7 avail Mem 

    PID USER      PR  NI    VIRT    RES    SHR S  %CPU  %MEM     TIME+ COMMAND
  53662 ubuntu    20   0 2028608   1.7g   5104 R  33.0   5.4   0:28.10 deptran_server
  53660 ubuntu    20   0 2028608   1.7g   5104 S  15.0   5.4   0:12.94 deptran_server
  53663 ubuntu    20   0 2028608   1.7g   5104 S  15.0   5.4   0:11.25 deptran_server
  53661 ubuntu    20   0 2028608   1.7g   5104 S  13.0   5.4   0:12.68 deptran_server
  53591 ubuntu    20   0 2028608   1.7g   5104 S   0.0   5.4   0:00.00 deptran_server
  53664 ubuntu    20   0 2028608   1.7g   5104 S   0.0   5.4   0:00.00 deptran_server

top - 11:45:22 up  4:50,  0 users,  load average: 2.07, 1.33, 1.36
Threads:   6 total,   2 running,   4 sleeping,   0 stopped,   0 zombie
%Cpu(s):  4.9 us,  6.4 sy,  0.0 ni, 79.9 id,  0.0 wa,  0.0 hi,  1.3 si,  7.5 st
MiB Mem :  31824.5 total,  27215.0 free,   2701.9 used,   1907.7 buff/cache
MiB Swap:      0.0 total,      0.0 free,      0.0 used.  28711.7 avail Mem 

    PID USER      PR  NI    VIRT    RES    SHR S  %CPU  %MEM     TIME+ COMMAND
  53662 ubuntu    20   0 2028608   1.7g   5104 R  33.7   5.4   0:28.44 deptran_server
  53660 ubuntu    20   0 2028608   1.7g   5104 S  15.8   5.4   0:13.10 deptran_server
  53661 ubuntu    20   0 2028608   1.7g   5104 R  15.8   5.4   0:12.84 deptran_server
  53663 ubuntu    20   0 2028608   1.7g   5104 S  11.9   5.4   0:11.37 deptran_server
  53591 ubuntu    20   0 2028608   1.7g   5104 S   0.0   5.4   0:00.00 deptran_server
  53664 ubuntu    20   0 2028608   1.7g   5104 S   0.0   5.4   0:00.00 deptran_server

top - 11:45:23 up  4:50,  0 users,  load average: 2.07, 1.33, 1.36
Threads:   6 total,   1 running,   5 sleeping,   0 stopped,   0 zombie
%Cpu(s):  5.8 us,  7.1 sy,  0.0 ni, 78.8 id,  0.0 wa,  0.0 hi,  1.9 si,  6.3 st
MiB Mem :  31824.5 total,  27197.0 free,   2709.1 used,   1918.4 buff/cache
MiB Swap:      0.0 total,      0.0 free,      0.0 used.  28704.4 avail Mem 

    PID USER      PR  NI    VIRT    RES    SHR S  %CPU  %MEM     TIME+ COMMAND
  53662 ubuntu    20   0 2028608   1.7g   5104 R  37.0   5.4   0:28.81 deptran_server
  53661 ubuntu    20   0 2028608   1.7g   5104 S  19.0   5.4   0:13.03 deptran_server
  53660 ubuntu    20   0 2028608   1.7g   5104 S  17.0   5.4   0:13.27 deptran_server
  53663 ubuntu    20   0 2028608   1.7g   5104 S  16.0   5.4   0:11.53 deptran_server
  53591 ubuntu    20   0 2028608   1.7g   5104 S   0.0   5.4   0:00.00 deptran_server
  53664 ubuntu    20   0 2028608   1.7g   5104 S   0.0   5.4   0:00.00 deptran_server

top - 11:45:24 up  4:50,  0 users,  load average: 2.07, 1.33, 1.36
Threads:   6 total,   1 running,   5 sleeping,   0 stopped,   0 zombie
%Cpu(s):  5.3 us,  5.7 sy,  0.0 ni, 78.9 id,  0.0 wa,  0.0 hi,  1.9 si,  8.2 st
MiB Mem :  31824.5 total,  27197.0 free,   2709.1 used,   1918.4 buff/cache
MiB Swap:      0.0 total,      0.0 free,      0.0 used.  28704.4 avail Mem 

    PID USER      PR  NI    VIRT    RES    SHR S  %CPU  %MEM     TIME+ COMMAND
  53662 ubuntu    20   0 2028608   1.7g   5104 S  38.0   5.4   0:29.19 deptran_server
  53660 ubuntu    20   0 2028608   1.7g   5104 R  17.0   5.4   0:13.44 deptran_server
  53661 ubuntu    20   0 2028608   1.7g   5104 S  16.0   5.4   0:13.19 deptran_server
  53663 ubuntu    20   0 2028608   1.7g   5104 S  14.0   5.4   0:11.67 deptran_server
  53591 ubuntu    20   0 2028608   1.7g   5104 S   0.0   5.4   0:00.00 deptran_server
  53664 ubuntu    20   0 2028608   1.7g   5104 S   0.0   5.4   0:00.00 deptran_server

top - 11:45:25 up  4:50,  0 users,  load average: 2.07, 1.33, 1.36
Threads:   6 total,   1 running,   5 sleeping,   0 stopped,   0 zombie
%Cpu(s):  5.7 us,  6.6 sy,  0.0 ni, 78.6 id,  0.0 wa,  0.0 hi,  2.5 si,  6.6 st
MiB Mem :  31824.5 total,  27197.0 free,   2709.1 used,   1918.4 buff/cache
MiB Swap:      0.0 total,      0.0 free,      0.0 used.  28704.4 avail Mem 

    PID USER      PR  NI    VIRT    RES    SHR S  %CPU  %MEM     TIME+ COMMAND
  53662 ubuntu    20   0 2028608   1.7g   5104 R  40.0   5.4   0:29.59 deptran_server
  53660 ubuntu    20   0 2028608   1.7g   5104 S  18.0   5.4   0:13.62 deptran_server
  53661 ubuntu    20   0 2028608   1.7g   5104 S  17.0   5.4   0:13.36 deptran_server
  53663 ubuntu    20   0 2028608   1.7g   5104 S  15.0   5.4   0:11.82 deptran_server
  53591 ubuntu    20   0 2028608   1.7g   5104 S   0.0   5.4   0:00.00 deptran_server
  53664 ubuntu    20   0 2028608   1.7g   5104 S   0.0   5.4   0:00.00 deptran_server

top - 11:45:26 up  4:50,  0 users,  load average: 2.07, 1.33, 1.36
Threads:   6 total,   1 running,   5 sleeping,   0 stopped,   0 zombie
%Cpu(s):  6.2 us,  7.2 sy,  0.0 ni, 79.0 id,  0.0 wa,  0.0 hi,  1.8 si,  5.8 st
MiB Mem :  31824.5 total,  27176.6 free,   2717.5 used,   1930.5 buff/cache
MiB Swap:      0.0 total,      0.0 free,      0.0 used.  28695.8 avail Mem 

    PID USER      PR  NI    VIRT    RES    SHR S  %CPU  %MEM     TIME+ COMMAND
  53662 ubuntu    20   0 2028608   1.7g   5104 R  38.0   5.4   0:29.97 deptran_server
  53661 ubuntu    20   0 2028608   1.7g   5104 S  17.0   5.4   0:13.53 deptran_server
  53663 ubuntu    20   0 2028608   1.7g   5104 S  17.0   5.4   0:11.99 deptran_server
  53660 ubuntu    20   0 2028608   1.7g   5104 S  16.0   5.4   0:13.78 deptran_server
  53591 ubuntu    20   0 2028608   1.7g   5104 S   0.0   5.4   0:00.00 deptran_server
  53664 ubuntu    20   0 2028608   1.7g   5104 S   0.0   5.4   0:00.00 deptran_server

top - 11:45:27 up  4:50,  0 users,  load average: 2.06, 1.34, 1.36
Threads:   6 total,   1 running,   5 sleeping,   0 stopped,   0 zombie
%Cpu(s):  6.5 us,  8.2 sy,  0.0 ni, 78.2 id,  0.0 wa,  0.0 hi,  2.5 si,  4.7 st
MiB Mem :  31824.5 total,  27176.6 free,   2717.5 used,   1930.5 buff/cache
MiB Swap:      0.0 total,      0.0 free,      0.0 used.  28695.8 avail Mem 

    PID USER      PR  NI    VIRT    RES    SHR S  %CPU  %MEM     TIME+ COMMAND
  53662 ubuntu    20   0 2028608   1.7g   5104 S  41.0   5.4   0:30.38 deptran_server
  53660 ubuntu    20   0 2028608   1.7g   5104 S  20.0   5.4   0:13.98 deptran_server
  53661 ubuntu    20   0 2028608   1.7g   5104 R  18.0   5.4   0:13.71 deptran_server
  53663 ubuntu    20   0 2028608   1.7g   5104 S  16.0   5.4   0:12.15 deptran_server
  53591 ubuntu    20   0 2028608   1.7g   5104 S   0.0   5.4   0:00.00 deptran_server
  53664 ubuntu    20   0 2028608   1.7g   5104 S   0.0   5.4   0:00.00 deptran_server

top - 11:45:28 up  4:50,  0 users,  load average: 2.06, 1.34, 1.36
Threads:   6 total,   1 running,   5 sleeping,   0 stopped,   0 zombie
%Cpu(s):  6.2 us,  7.9 sy,  0.0 ni, 79.0 id,  0.0 wa,  0.0 hi,  2.4 si,  4.6 st
MiB Mem :  31824.5 total,  27176.6 free,   2717.5 used,   1930.5 buff/cache
MiB Swap:      0.0 total,      0.0 free,      0.0 used.  28695.8 avail Mem 

    PID USER      PR  NI    VIRT    RES    SHR S  %CPU  %MEM     TIME+ COMMAND
  53662 ubuntu    20   0 2028608   1.7g   5104 R  40.0   5.4   0:30.78 deptran_server
  53661 ubuntu    20   0 2028608   1.7g   5104 S  19.0   5.4   0:13.90 deptran_server
  53660 ubuntu    20   0 2028608   1.7g   5104 S  17.0   5.4   0:14.15 deptran_server
  53663 ubuntu    20   0 2028608   1.7g   5104 S  17.0   5.4   0:12.32 deptran_server
  53591 ubuntu    20   0 2028608   1.7g   5104 S   0.0   5.4   0:00.00 deptran_server
  53664 ubuntu    20   0 2028608   1.7g   5104 S   0.0   5.4   0:00.00 deptran_server

top - 11:45:29 up  4:50,  0 users,  load average: 2.06, 1.34, 1.36
Threads:   6 total,   1 running,   5 sleeping,   0 stopped,   0 zombie
%Cpu(s):  6.3 us,  8.3 sy,  0.0 ni, 78.9 id,  0.0 wa,  0.0 hi,  2.6 si,  3.9 st
MiB Mem :  31824.5 total,  27153.7 free,   2726.5 used,   1944.3 buff/cache
MiB Swap:      0.0 total,      0.0 free,      0.0 used.  28686.3 avail Mem 

    PID USER      PR  NI    VIRT    RES    SHR S  %CPU  %MEM     TIME+ COMMAND
  53662 ubuntu    20   0 2028608   1.7g   5104 S  41.6   5.4   0:31.20 deptran_server
  53661 ubuntu    20   0 2028608   1.7g   5104 R  19.8   5.4   0:14.10 deptran_server
  53660 ubuntu    20   0 2028608   1.7g   5104 S  16.8   5.4   0:14.32 deptran_server
  53663 ubuntu    20   0 2028608   1.7g   5104 S  16.8   5.4   0:12.49 deptran_server
  53591 ubuntu    20   0 2028608   1.7g   5104 S   0.0   5.4   0:00.00 deptran_server
  53664 ubuntu    20   0 2028608   1.7g   5104 S   0.0   5.4   0:00.00 deptran_server

top - 11:45:30 up  4:50,  0 users,  load average: 2.06, 1.34, 1.36
Threads:   6 total,   1 running,   5 sleeping,   0 stopped,   0 zombie
%Cpu(s):  6.9 us,  7.3 sy,  0.0 ni, 78.2 id,  0.0 wa,  0.0 hi,  1.7 si,  5.8 st
MiB Mem :  31824.5 total,  27153.7 free,   2726.5 used,   1944.3 buff/cache
MiB Swap:      0.0 total,      0.0 free,      0.0 used.  28686.3 avail Mem 

    PID USER      PR  NI    VIRT    RES    SHR S  %CPU  %MEM     TIME+ COMMAND
  53662 ubuntu    20   0 2028608   1.7g   5104 R  38.0   5.5   0:31.58 deptran_server
  53660 ubuntu    20   0 2028608   1.7g   5104 S  18.0   5.5   0:14.50 deptran_server
  53661 ubuntu    20   0 2028608   1.7g   5104 S  18.0   5.5   0:14.28 deptran_server
  53663 ubuntu    20   0 2028608   1.7g   5104 S  17.0   5.5   0:12.66 deptran_server
  53591 ubuntu    20   0 2028608   1.7g   5104 S   0.0   5.5   0:00.00 deptran_server
  53664 ubuntu    20   0 2028608   1.7g   5104 S   0.0   5.5   0:00.00 deptran_server

top - 11:45:31 up  4:50,  0 users,  load average: 2.06, 1.34, 1.36
Threads:   6 total,   1 running,   5 sleeping,   0 stopped,   0 zombie
%Cpu(s):  5.4 us,  7.2 sy,  0.0 ni, 78.5 id,  0.0 wa,  0.0 hi,  1.9 si,  6.9 st
MiB Mem :  31824.5 total,  27153.7 free,   2726.5 used,   1944.3 buff/cache
MiB Swap:      0.0 total,      0.0 free,      0.0 used.  28686.3 avail Mem 

    PID USER      PR  NI    VIRT    RES    SHR S  %CPU  %MEM     TIME+ COMMAND
  53662 ubuntu    20   0 2028608   1.7g   5104 S  38.0   5.5   0:31.96 deptran_server
  53661 ubuntu    20   0 2028608   1.7g   5104 S  18.0   5.5   0:14.46 deptran_server
  53660 ubuntu    20   0 2028608   1.7g   5104 R  17.0   5.5   0:14.67 deptran_server
  53663 ubuntu    20   0 2028608   1.7g   5104 S  15.0   5.5   0:12.81 deptran_server
  53591 ubuntu    20   0 2028608   1.7g   5104 S   0.0   5.5   0:00.00 deptran_server
  53664 ubuntu    20   0 2028608   1.7g   5104 S   0.0   5.5   0:00.00 deptran_server

top - 11:45:32 up  4:50,  0 users,  load average: 2.22, 1.39, 1.38
Threads:   6 total,   2 running,   4 sleeping,   0 stopped,   0 zombie
%Cpu(s):  5.8 us,  8.6 sy,  0.0 ni, 78.8 id,  0.0 wa,  0.0 hi,  1.7 si,  5.2 st
MiB Mem :  31824.5 total,  27134.0 free,   2734.4 used,   1956.2 buff/cache
MiB Swap:      0.0 total,      0.0 free,      0.0 used.  28678.6 avail Mem 

    PID USER      PR  NI    VIRT    RES    SHR S  %CPU  %MEM     TIME+ COMMAND
  53662 ubuntu    20   0 2028608   1.7g   5104 R  36.0   5.5   0:32.32 deptran_server
  53660 ubuntu    20   0 2028608   1.7g   5104 R  17.0   5.5   0:14.84 deptran_server
  53661 ubuntu    20   0 2028608   1.7g   5104 S  16.0   5.5   0:14.62 deptran_server
  53663 ubuntu    20   0 2028608   1.7g   5104 S  15.0   5.5   0:12.96 deptran_server
  53591 ubuntu    20   0 2028608   1.7g   5104 S   0.0   5.5   0:00.00 deptran_server
  53664 ubuntu    20   0 2028608   1.7g   5104 S   0.0   5.5   0:00.00 deptran_server

top - 11:45:33 up  4:50,  0 users,  load average: 2.22, 1.39, 1.38
Threads:   6 total,   2 running,   4 sleeping,   0 stopped,   0 zombie
%Cpu(s):  4.8 us,  6.9 sy,  0.0 ni, 79.1 id,  0.0 wa,  0.0 hi,  1.9 si,  7.3 st
MiB Mem :  31824.5 total,  27134.0 free,   2734.4 used,   1956.2 buff/cache
MiB Swap:      0.0 total,      0.0 free,      0.0 used.  28678.6 avail Mem 

    PID USER      PR  NI    VIRT    RES    SHR S  %CPU  %MEM     TIME+ COMMAND
  53662 ubuntu    20   0 2028608   1.7g   5104 R  38.0   5.5   0:32.70 deptran_server
  53661 ubuntu    20   0 2028608   1.7g   5104 R  16.0   5.5   0:14.78 deptran_server
  53660 ubuntu    20   0 2028608   1.7g   5104 S  15.0   5.5   0:14.99 deptran_server
  53663 ubuntu    20   0 2028608   1.7g   5104 S  14.0   5.5   0:13.10 deptran_server
  53591 ubuntu    20   0 2028608   1.7g   5104 S   0.0   5.5   0:00.00 deptran_server
  53664 ubuntu    20   0 2028608   1.7g   5104 S   0.0   5.5   0:00.00 deptran_server

top - 11:45:34 up  4:50,  0 users,  load average: 2.22, 1.39, 1.38
Threads:   6 total,   1 running,   5 sleeping,   0 stopped,   0 zombie
%Cpu(s):  5.8 us,  6.4 sy,  0.0 ni, 78.4 id,  0.0 wa,  0.0 hi,  1.4 si,  8.0 st
MiB Mem :  31824.5 total,  27134.0 free,   2734.4 used,   1956.2 buff/cache
MiB Swap:      0.0 total,      0.0 free,      0.0 used.  28678.6 avail Mem 

    PID USER      PR  NI    VIRT    RES    SHR S  %CPU  %MEM     TIME+ COMMAND
  53662 ubuntu    20   0 2028608   1.7g   5104 R  38.0   5.5   0:33.08 deptran_server
  53660 ubuntu    20   0 2028608   1.7g   5104 S  19.0   5.5   0:15.18 deptran_server
  53661 ubuntu    20   0 2028608   1.7g   5104 S  16.0   5.5   0:14.94 deptran_server
  53663 ubuntu    20   0 2028608   1.7g   5104 S  14.0   5.5   0:13.24 deptran_server
  53591 ubuntu    20   0 2028608   1.7g   5104 S   0.0   5.5   0:00.00 deptran_server
  53664 ubuntu    20   0 2028608   1.7g   5104 S   0.0   5.5   0:00.00 deptran_server

top - 11:45:35 up  4:50,  0 users,  load average: 2.22, 1.39, 1.38
Threads:   6 total,   2 running,   4 sleeping,   0 stopped,   0 zombie
%Cpu(s):  5.3 us,  6.7 sy,  0.0 ni, 77.9 id,  0.0 wa,  0.0 hi,  1.8 si,  8.4 st
MiB Mem :  31824.5 total,  27115.5 free,   2742.4 used,   1966.6 buff/cache
MiB Swap:      0.0 total,      0.0 free,      0.0 used.  28670.4 avail Mem 

    PID USER      PR  NI    VIRT    RES    SHR S  %CPU  %MEM     TIME+ COMMAND
  53662 ubuntu    20   0 2028608   1.7g   5104 S  36.6   5.5   0:33.45 deptran_server
  53661 ubuntu    20   0 2028608   1.7g   5104 R  16.8   5.5   0:15.11 deptran_server
  53660 ubuntu    20   0 2028608   1.7g   5104 S  15.8   5.5   0:15.34 deptran_server
  53663 ubuntu    20   0 2028608   1.7g   5104 R  15.8   5.5   0:13.40 deptran_server
  53591 ubuntu    20   0 2028608   1.7g   5104 S   0.0   5.5   0:00.00 deptran_server
  53664 ubuntu    20   0 2028608   1.7g   5104 S   0.0   5.5   0:00.00 deptran_server

top - 11:45:36 up  4:50,  0 users,  load average: 2.22, 1.39, 1.38
Threads:   6 total,   1 running,   5 sleeping,   0 stopped,   0 zombie
%Cpu(s):  5.8 us,  8.6 sy,  0.0 ni, 75.2 id,  2.4 wa,  0.0 hi,  2.3 si,  5.6 st
MiB Mem :  31824.5 total,  27115.5 free,   2742.4 used,   1966.6 buff/cache
MiB Swap:      0.0 total,      0.0 free,      0.0 used.  28670.4 avail Mem 

    PID USER      PR  NI    VIRT    RES    SHR S  %CPU  %MEM     TIME+ COMMAND
  53662 ubuntu    20   0 2028608   1.7g   5104 S  39.0   5.5   0:33.84 deptran_server
  53661 ubuntu    20   0 2028608   1.7g   5104 S  19.0   5.5   0:15.30 deptran_server
  53660 ubuntu    20   0 2028608   1.7g   5104 S  18.0   5.5   0:15.52 deptran_server
  53663 ubuntu    20   0 2028608   1.7g   5104 R  16.0   5.5   0:13.56 deptran_server
  53591 ubuntu    20   0 2028608   1.7g   5104 S   0.0   5.5   0:00.00 deptran_server
  53664 ubuntu    20   0 2028608   1.7g   5104 S   0.0   5.5   0:00.00 deptran_server

top - 11:45:37 up  4:50,  0 users,  load average: 2.20, 1.40, 1.38
Threads:   6 total,   1 running,   5 sleeping,   0 stopped,   0 zombie
%Cpu(s):  3.8 us,  4.9 sy,  0.0 ni, 80.3 id,  0.0 wa,  0.0 hi,  1.2 si,  9.8 st
MiB Mem :  31824.5 total,  27115.5 free,   2742.4 used,   1966.6 buff/cache
MiB Swap:      0.0 total,      0.0 free,      0.0 used.  28670.4 avail Mem 

    PID USER      PR  NI    VIRT    RES    SHR S  %CPU  %MEM     TIME+ COMMAND
  53662 ubuntu    20   0 2028608   1.7g   5104 S  28.7   5.5   0:34.13 deptran_server
  53660 ubuntu    20   0 2028608   1.7g   5104 S  13.9   5.5   0:15.66 deptran_server
  53661 ubuntu    20   0 2028608   1.7g   5104 R  13.9   5.5   0:15.44 deptran_server
  53663 ubuntu    20   0 2028608   1.7g   5104 S  10.9   5.5   0:13.67 deptran_server
  53591 ubuntu    20   0 2028608   1.7g   5104 S   0.0   5.5   0:00.00 deptran_server
  53664 ubuntu    20   0 2028608   1.7g   5104 S   0.0   5.5   0:00.00 deptran_server

top - 11:45:38 up  4:50,  0 users,  load average: 2.20, 1.40, 1.38
Threads:   6 total,   0 running,   6 sleeping,   0 stopped,   0 zombie
%Cpu(s):  5.3 us,  5.7 sy,  0.0 ni, 78.4 id,  0.0 wa,  0.0 hi,  1.8 si,  8.8 st
MiB Mem :  31824.5 total,  27097.8 free,   2749.9 used,   1976.9 buff/cache
MiB Swap:      0.0 total,      0.0 free,      0.0 used.  28662.9 avail Mem 

    PID USER      PR  NI    VIRT    RES    SHR S  %CPU  %MEM     TIME+ COMMAND
  53662 ubuntu    20   0 2028608   1.7g   5104 S  35.0   5.5   0:34.48 deptran_server
  53660 ubuntu    20   0 2028608   1.7g   5104 S  18.0   5.5   0:15.84 deptran_server
  53661 ubuntu    20   0 2028608   1.7g   5104 S  16.0   5.5   0:15.60 deptran_server
  53663 ubuntu    20   0 2028608   1.7g   5104 S  16.0   5.5   0:13.83 deptran_server
  53591 ubuntu    20   0 2028608   1.7g   5104 S   0.0   5.5   0:00.00 deptran_server
  53664 ubuntu    20   0 2028608   1.7g   5104 S   0.0   5.5   0:00.00 deptran_server

top - 11:45:39 up  4:50,  0 users,  load average: 2.20, 1.40, 1.38
Threads:   6 total,   1 running,   5 sleeping,   0 stopped,   0 zombie
%Cpu(s):  3.9 us,  4.9 sy,  0.0 ni, 80.0 id,  0.0 wa,  0.0 hi,  1.4 si,  9.8 st
MiB Mem :  31824.5 total,  27097.8 free,   2749.9 used,   1976.9 buff/cache
MiB Swap:      0.0 total,      0.0 free,      0.0 used.  28662.9 avail Mem 

    PID USER      PR  NI    VIRT    RES    SHR S  %CPU  %MEM     TIME+ COMMAND
  53662 ubuntu    20   0 2028608   1.7g   5104 S  35.0   5.5   0:34.83 deptran_server
  53663 ubuntu    20   0 2028608   1.7g   5104 S  14.0   5.5   0:13.97 deptran_server
  53660 ubuntu    20   0 2028608   1.7g   5104 R  13.0   5.5   0:15.97 deptran_server
  53661 ubuntu    20   0 2028608   1.7g   5104 S  12.0   5.5   0:15.72 deptran_server
  53591 ubuntu    20   0 2028608   1.7g   5104 S   0.0   5.5   0:00.00 deptran_server
  53664 ubuntu    20   0 2028608   1.7g   5104 S   0.0   5.5   0:00.00 deptran_server

top - 11:45:40 up  4:50,  0 users,  load average: 2.20, 1.40, 1.38
Threads:   6 total,   1 running,   5 sleeping,   0 stopped,   0 zombie
%Cpu(s):  4.8 us,  4.7 sy,  0.0 ni, 80.2 id,  0.0 wa,  0.0 hi,  1.4 si,  8.8 st
MiB Mem :  31824.5 total,  27097.8 free,   2749.9 used,   1976.9 buff/cache
MiB Swap:      0.0 total,      0.0 free,      0.0 used.  28662.9 avail Mem 

    PID USER      PR  NI    VIRT    RES    SHR S  %CPU  %MEM     TIME+ COMMAND
  53662 ubuntu    20   0 2028608   1.7g   5104 S  32.0   5.5   0:35.15 deptran_server
  53661 ubuntu    20   0 2028608   1.7g   5104 S  16.0   5.5   0:15.88 deptran_server
  53660 ubuntu    20   0 2028608   1.7g   5104 S  15.0   5.5   0:16.12 deptran_server
  53663 ubuntu    20   0 2028608   1.7g   5104 R  14.0   5.5   0:14.11 deptran_server
  53591 ubuntu    20   0 2028608   1.7g   5104 S   0.0   5.5   0:00.00 deptran_server
  53664 ubuntu    20   0 2028608   1.7g   5104 S   0.0   5.5   0:00.00 deptran_server

top - 11:45:41 up  4:50,  0 users,  load average: 2.20, 1.40, 1.38
Threads:   6 total,   1 running,   5 sleeping,   0 stopped,   0 zombie
%Cpu(s):  3.2 us,  3.8 sy,  0.0 ni, 79.9 id,  0.0 wa,  0.0 hi,  1.2 si, 11.8 st
MiB Mem :  31824.5 total,  27083.8 free,   2755.3 used,   1985.4 buff/cache
MiB Swap:      0.0 total,      0.0 free,      0.0 used.  28657.3 avail Mem 

    PID USER      PR  NI    VIRT    RES    SHR S  %CPU  %MEM     TIME+ COMMAND
  53662 ubuntu    20   0 2028608   1.7g   5104 R  29.0   5.5   0:35.44 deptran_server
  53660 ubuntu    20   0 2028608   1.7g   5104 S  13.0   5.5   0:16.25 deptran_server
  53661 ubuntu    20   0 2028608   1.7g   5104 S  13.0   5.5   0:16.01 deptran_server
  53663 ubuntu    20   0 2028608   1.7g   5104 S  11.0   5.5   0:14.22 deptran_server
  53591 ubuntu    20   0 2028608   1.7g   5104 S   0.0   5.5   0:00.00 deptran_server
  53664 ubuntu    20   0 2028608   1.7g   5104 S   0.0   5.5   0:00.00 deptran_server

top - 11:45:42 up  4:50,  0 users,  load average: 2.18, 1.41, 1.39
Threads:   6 total,   2 running,   4 sleeping,   0 stopped,   0 zombie
%Cpu(s):  3.9 us,  3.8 sy,  0.0 ni, 80.0 id,  0.0 wa,  0.0 hi,  1.6 si, 10.7 st
MiB Mem :  31824.5 total,  27083.8 free,   2755.3 used,   1985.4 buff/cache
MiB Swap:      0.0 total,      0.0 free,      0.0 used.  28657.3 avail Mem 

    PID USER      PR  NI    VIRT    RES    SHR S  %CPU  %MEM     TIME+ COMMAND
  53662 ubuntu    20   0 2028608   1.7g   5104 S  28.0   5.5   0:35.72 deptran_server
  53663 ubuntu    20   0 2028608   1.7g   5104 S  12.0   5.5   0:14.34 deptran_server
  53660 ubuntu    20   0 2028608   1.7g   5104 R  11.0   5.5   0:16.36 deptran_server
  53661 ubuntu    20   0 2028608   1.7g   5104 R  10.0   5.5   0:16.11 deptran_server
  53591 ubuntu    20   0 2028608   1.7g   5104 S   0.0   5.5   0:00.00 deptran_server
  53664 ubuntu    20   0 2028608   1.7g   5104 S   0.0   5.5   0:00.00 deptran_server

top - 11:45:43 up  4:50,  0 users,  load average: 2.18, 1.41, 1.39
Threads:   6 total,   2 running,   4 sleeping,   0 stopped,   0 zombie
%Cpu(s):  5.3 us,  7.4 sy,  0.0 ni, 78.7 id,  0.0 wa,  0.0 hi,  1.7 si,  6.9 st
MiB Mem :  31824.5 total,  27083.8 free,   2755.3 used,   1985.4 buff/cache
MiB Swap:      0.0 total,      0.0 free,      0.0 used.  28657.3 avail Mem 

    PID USER      PR  NI    VIRT    RES    SHR S  %CPU  %MEM     TIME+ COMMAND
  53662 ubuntu    20   0 2028608   1.7g   5104 R  33.7   5.6   0:36.06 deptran_server
  53661 ubuntu    20   0 2028608   1.7g   5104 R  16.8   5.6   0:16.28 deptran_server
  53660 ubuntu    20   0 2028608   1.7g   5104 S  14.9   5.6   0:16.51 deptran_server
  53663 ubuntu    20   0 2028608   1.7g   5104 S  14.9   5.6   0:14.49 deptran_server
  53591 ubuntu    20   0 2028608   1.7g   5104 S   0.0   5.6   0:00.00 deptran_server
  53664 ubuntu    20   0 2028608   1.7g   5104 S   0.0   5.6   0:00.00 deptran_server

top - 11:45:44 up  4:50,  0 users,  load average: 2.18, 1.41, 1.39
Threads:   6 total,   1 running,   5 sleeping,   0 stopped,   0 zombie
%Cpu(s):  6.8 us,  7.8 sy,  0.0 ni, 79.4 id,  0.0 wa,  0.0 hi,  2.3 si,  3.8 st
MiB Mem :  31824.5 total,  27064.9 free,   2763.4 used,   1996.3 buff/cache
MiB Swap:      0.0 total,      0.0 free,      0.0 used.  28649.0 avail Mem 

    PID USER      PR  NI    VIRT    RES    SHR S  %CPU  %MEM     TIME+ COMMAND
  53662 ubuntu    20   0 2028608   1.7g   5104 R  42.0   5.6   0:36.48 deptran_server
  53660 ubuntu    20   0 2028608   1.7g   5104 S  19.0   5.6   0:16.70 deptran_server
  53661 ubuntu    20   0 2028608   1.7g   5104 S  19.0   5.6   0:16.47 deptran_server
  53663 ubuntu    20   0 2028608   1.7g   5104 S  16.0   5.6   0:14.65 deptran_server
  53591 ubuntu    20   0 2028608   1.7g   5104 S   0.0   5.6   0:00.00 deptran_server
  53664 ubuntu    20   0 2028608   1.7g   5104 S   0.0   5.6   0:00.00 deptran_server

top - 11:45:45 up  4:50,  0 users,  load average: 2.18, 1.41, 1.39
Threads:   6 total,   1 running,   5 sleeping,   0 stopped,   0 zombie
%Cpu(s):  6.5 us,  7.9 sy,  0.0 ni, 77.9 id,  0.0 wa,  0.0 hi,  2.3 si,  5.4 st
MiB Mem :  31824.5 total,  27064.9 free,   2763.4 used,   1996.3 buff/cache
MiB Swap:      0.0 total,      0.0 free,      0.0 used.  28649.0 avail Mem 

    PID USER      PR  NI    VIRT    RES    SHR S  %CPU  %MEM     TIME+ COMMAND
  53662 ubuntu    20   0 2028608   1.7g   5104 R  40.0   5.6   0:36.88 deptran_server
  53661 ubuntu    20   0 2028608   1.7g   5104 S  19.0   5.6   0:16.66 deptran_server
  53660 ubuntu    20   0 2028608   1.7g   5104 S  18.0   5.6   0:16.88 deptran_server
  53663 ubuntu    20   0 2028608   1.7g   5104 S  18.0   5.6   0:14.83 deptran_server
  53591 ubuntu    20   0 2028608   1.7g   5104 S   0.0   5.6   0:00.00 deptran_server
  53664 ubuntu    20   0 2028608   1.7g   5104 S   0.0   5.6   0:00.00 deptran_server

top - 11:45:46 up  4:50,  0 users,  load average: 2.18, 1.41, 1.39
Threads:   6 total,   1 running,   5 sleeping,   0 stopped,   0 zombie
%Cpu(s):  5.1 us,  8.9 sy,  0.0 ni, 79.4 id,  0.0 wa,  0.0 hi,  2.1 si,  4.6 st
MiB Mem :  31824.5 total,  27064.9 free,   2763.4 used,   1996.3 buff/cache
MiB Swap:      0.0 total,      0.0 free,      0.0 used.  28649.0 avail Mem 

    PID USER      PR  NI    VIRT    RES    SHR S  %CPU  %MEM     TIME+ COMMAND
  53662 ubuntu    20   0 2094144   1.7g   5104 R  41.0   5.6   0:37.29 deptran_server
  53660 ubuntu    20   0 2094144   1.7g   5104 S  18.0   5.6   0:17.06 deptran_server
  53661 ubuntu    20   0 2094144   1.7g   5104 S  18.0   5.6   0:16.84 deptran_server
  53663 ubuntu    20   0 2094144   1.7g   5104 S  16.0   5.6   0:14.99 deptran_server
  53591 ubuntu    20   0 2094144   1.7g   5104 S   0.0   5.6   0:00.00 deptran_server
  53664 ubuntu    20   0 2094144   1.7g   5104 S   0.0   5.6   0:00.00 deptran_server

top - 11:45:47 up  4:50,  0 users,  load average: 2.17, 1.42, 1.39
Threads:   6 total,   1 running,   5 sleeping,   0 stopped,   0 zombie
%Cpu(s):  7.0 us,  7.6 sy,  0.0 ni, 78.2 id,  0.0 wa,  0.0 hi,  2.1 si,  5.0 st
MiB Mem :  31824.5 total,  27041.2 free,   2773.1 used,   2010.3 buff/cache
MiB Swap:      0.0 total,      0.0 free,      0.0 used.  28639.3 avail Mem 

    PID USER      PR  NI    VIRT    RES    SHR S  %CPU  %MEM     TIME+ COMMAND
  53662 ubuntu    20   0 2094144   1.7g   5104 R  41.0   5.6   0:37.70 deptran_server
  53660 ubuntu    20   0 2094144   1.7g   5104 S  19.0   5.6   0:17.25 deptran_server
  53661 ubuntu    20   0 2094144   1.7g   5104 S  19.0   5.6   0:17.03 deptran_server
  53663 ubuntu    20   0 2094144   1.7g   5104 S  16.0   5.6   0:15.15 deptran_server
  53591 ubuntu    20   0 2094144   1.7g   5104 S   0.0   5.6   0:00.00 deptran_server
  53664 ubuntu    20   0 2094144   1.7g   5104 S   0.0   5.6   0:00.00 deptran_server

top - 11:45:48 up  4:50,  0 users,  load average: 2.17, 1.42, 1.39
Threads:   6 total,   3 running,   3 sleeping,   0 stopped,   0 zombie
%Cpu(s):  6.8 us,  8.7 sy,  0.0 ni, 78.4 id,  0.0 wa,  0.0 hi,  2.4 si,  3.7 st
MiB Mem :  31824.5 total,  27041.2 free,   2773.1 used,   2010.3 buff/cache
MiB Swap:      0.0 total,      0.0 free,      0.0 used.  28639.3 avail Mem 

    PID USER      PR  NI    VIRT    RES    SHR S  %CPU  %MEM     TIME+ COMMAND
  53662 ubuntu    20   0 2094144   1.7g   5104 R  41.0   5.6   0:38.11 deptran_server
  53660 ubuntu    20   0 2094144   1.7g   5104 R  19.0   5.6   0:17.44 deptran_server
  53661 ubuntu    20   0 2094144   1.7g   5104 R  19.0   5.6   0:17.22 deptran_server
  53663 ubuntu    20   0 2094144   1.7g   5104 S  18.0   5.6   0:15.33 deptran_server
  53591 ubuntu    20   0 2094144   1.7g   5104 S   0.0   5.6   0:00.00 deptran_server
  53664 ubuntu    20   0 2094144   1.7g   5104 S   0.0   5.6   0:00.00 deptran_server

top - 11:45:49 up  4:50,  0 users,  load average: 2.17, 1.42, 1.39
Threads:   6 total,   1 running,   5 sleeping,   0 stopped,   0 zombie
%Cpu(s):  5.6 us,  8.2 sy,  0.0 ni, 78.6 id,  0.0 wa,  0.0 hi,  2.1 si,  5.6 st
MiB Mem :  31824.5 total,  27041.2 free,   2773.1 used,   2010.3 buff/cache
MiB Swap:      0.0 total,      0.0 free,      0.0 used.  28639.3 avail Mem 

    PID USER      PR  NI    VIRT    RES    SHR S  %CPU  %MEM     TIME+ COMMAND
  53662 ubuntu    20   0 2094144   1.7g   5104 R  38.0   5.6   0:38.49 deptran_server
  53660 ubuntu    20   0 2094144   1.7g   5104 S  18.0   5.6   0:17.62 deptran_server
  53661 ubuntu    20   0 2094144   1.7g   5104 S  17.0   5.6   0:17.39 deptran_server
  53663 ubuntu    20   0 2094144   1.7g   5104 S  16.0   5.6   0:15.49 deptran_server
  53591 ubuntu    20   0 2094144   1.7g   5104 S   0.0   5.6   0:00.00 deptran_server
  53664 ubuntu    20   0 2094144   1.7g   5104 S   0.0   5.6   0:00.00 deptran_server

top - 11:45:50 up  4:50,  0 users,  load average: 2.17, 1.42, 1.39
Threads:   6 total,   2 running,   4 sleeping,   0 stopped,   0 zombie
%Cpu(s):  5.5 us,  7.4 sy,  0.0 ni, 79.3 id,  0.0 wa,  0.0 hi,  1.7 si,  6.1 st
MiB Mem :  31824.5 total,  27020.3 free,   2780.9 used,   2023.3 buff/cache
MiB Swap:      0.0 total,      0.0 free,      0.0 used.  28631.2 avail Mem 

    PID USER      PR  NI    VIRT    RES    SHR S  %CPU  %MEM     TIME+ COMMAND
  53662 ubuntu    20   0 2094144   1.7g   5104 R  37.0   5.6   0:38.86 deptran_server
  53660 ubuntu    20   0 2094144   1.7g   5104 S  17.0   5.6   0:17.79 deptran_server
  53661 ubuntu    20   0 2094144   1.7g   5104 R  16.0   5.6   0:17.55 deptran_server
  53663 ubuntu    20   0 2094144   1.7g   5104 S  14.0   5.6   0:15.63 deptran_server
  53591 ubuntu    20   0 2094144   1.7g   5104 S   0.0   5.6   0:00.00 deptran_server
  53664 ubuntu    20   0 2094144   1.7g   5104 S   0.0   5.6   0:00.00 deptran_server

top - 11:45:51 up  4:50,  0 users,  load average: 2.17, 1.42, 1.39
Threads:   6 total,   1 running,   5 sleeping,   0 stopped,   0 zombie
%Cpu(s):  5.4 us,  7.9 sy,  0.0 ni, 79.1 id,  0.0 wa,  0.0 hi,  1.6 si,  5.9 st
MiB Mem :  31824.5 total,  27020.3 free,   2780.9 used,   2023.3 buff/cache
MiB Swap:      0.0 total,      0.0 free,      0.0 used.  28631.2 avail Mem 

    PID USER      PR  NI    VIRT    RES    SHR S  %CPU  %MEM     TIME+ COMMAND
  53662 ubuntu    20   0 2094144   1.7g   5104 R  38.6   5.6   0:39.25 deptran_server
  53661 ubuntu    20   0 2094144   1.7g   5104 S  18.8   5.6   0:17.74 deptran_server
  53660 ubuntu    20   0 2094144   1.7g   5104 S  17.8   5.6   0:17.97 deptran_server
  53663 ubuntu    20   0 2094144   1.7g   5104 S  16.8   5.6   0:15.80 deptran_server
  53591 ubuntu    20   0 2094144   1.7g   5104 S   0.0   5.6   0:00.00 deptran_server
  53664 ubuntu    20   0 2094144   1.7g   5104 S   0.0   5.6   0:00.00 deptran_server

top - 11:45:52 up  4:50,  0 users,  load average: 2.32, 1.46, 1.40
Threads:   6 total,   3 running,   3 sleeping,   0 stopped,   0 zombie
%Cpu(s):  5.3 us,  7.0 sy,  0.0 ni, 79.3 id,  0.0 wa,  0.0 hi,  1.4 si,  7.0 st
MiB Mem :  31824.5 total,  27020.3 free,   2780.9 used,   2023.3 buff/cache
MiB Swap:      0.0 total,      0.0 free,      0.0 used.  28631.2 avail Mem 

    PID USER      PR  NI    VIRT    RES    SHR S  %CPU  %MEM     TIME+ COMMAND
  53662 ubuntu    20   0 2094144   1.8g   5104 R  36.0   5.6   0:39.61 deptran_server
  53660 ubuntu    20   0 2094144   1.8g   5104 S  16.0   5.6   0:18.13 deptran_server
  53661 ubuntu    20   0 2094144   1.8g   5104 R  15.0   5.6   0:17.89 deptran_server
  53663 ubuntu    20   0 2094144   1.8g   5104 R  14.0   5.6   0:15.94 deptran_server
  53591 ubuntu    20   0 2094144   1.8g   5104 S   0.0   5.6   0:00.00 deptran_server
  53664 ubuntu    20   0 2094144   1.8g   5104 S   0.0   5.6   0:00.00 deptran_server

top - 11:45:53 up  4:50,  0 users,  load average: 2.32, 1.46, 1.40
Threads:   6 total,   1 running,   5 sleeping,   0 stopped,   0 zombie
%Cpu(s):  8.0 us,  7.5 sy,  0.0 ni, 78.5 id,  0.0 wa,  0.0 hi,  2.6 si,  3.5 st
MiB Mem :  31824.5 total,  26999.1 free,   2789.3 used,   2036.1 buff/cache
MiB Swap:      0.0 total,      0.0 free,      0.0 used.  28622.7 avail Mem 

    PID USER      PR  NI    VIRT    RES    SHR S  %CPU  %MEM     TIME+ COMMAND
  53662 ubuntu    20   0 2094144   1.8g   5104 S  42.0   5.6   0:40.03 deptran_server
  53661 ubuntu    20   0 2094144   1.8g   5104 S  20.0   5.6   0:18.09 deptran_server
  53660 ubuntu    20   0 2094144   1.8g   5104 R  19.0   5.6   0:18.32 deptran_server
  53663 ubuntu    20   0 2094144   1.8g   5104 S  18.0   5.6   0:16.12 deptran_server
  53591 ubuntu    20   0 2094144   1.8g   5104 S   0.0   5.6   0:00.00 deptran_server
  53664 ubuntu    20   0 2094144   1.8g   5104 S   0.0   5.6   0:00.00 deptran_server

top - 11:45:54 up  4:50,  0 users,  load average: 2.32, 1.46, 1.40
Threads:   6 total,   2 running,   4 sleeping,   0 stopped,   0 zombie
%Cpu(s):  6.7 us,  8.7 sy,  0.0 ni, 78.0 id,  0.1 wa,  0.0 hi,  1.7 si,  4.8 st
MiB Mem :  31824.5 total,  26999.1 free,   2789.3 used,   2036.1 buff/cache
MiB Swap:      0.0 total,      0.0 free,      0.0 used.  28622.7 avail Mem 

    PID USER      PR  NI    VIRT    RES    SHR S  %CPU  %MEM     TIME+ COMMAND
  53662 ubuntu    20   0 2094144   1.8g   5104 R  40.0   5.7   0:40.43 deptran_server
  53660 ubuntu    20   0 2094144   1.8g   5104 S  19.0   5.7   0:18.51 deptran_server
  53661 ubuntu    20   0 2094144   1.8g   5104 R  19.0   5.7   0:18.28 deptran_server
  53663 ubuntu    20   0 2094144   1.8g   5104 S  15.0   5.7   0:16.27 deptran_server
  53591 ubuntu    20   0 2094144   1.8g   5104 S   0.0   5.7   0:00.00 deptran_server
  53664 ubuntu    20   0 2094144   1.8g   5104 S   0.0   5.7   0:00.00 deptran_server

top - 11:45:55 up  4:50,  0 users,  load average: 2.32, 1.46, 1.40
Threads:   6 total,   1 running,   5 sleeping,   0 stopped,   0 zombie
%Cpu(s):  6.1 us,  7.1 sy,  0.0 ni, 78.8 id,  0.0 wa,  0.0 hi,  2.2 si,  5.8 st
MiB Mem :  31824.5 total,  26999.1 free,   2789.3 used,   2036.1 buff/cache
MiB Swap:      0.0 total,      0.0 free,      0.0 used.  28622.7 avail Mem 

    PID USER      PR  NI    VIRT    RES    SHR S  %CPU  %MEM     TIME+ COMMAND
  53662 ubuntu    20   0 2094144   1.8g   5104 R  38.0   5.7   0:40.81 deptran_server
  53660 ubuntu    20   0 2094144   1.8g   5104 S  18.0   5.7   0:18.69 deptran_server
  53661 ubuntu    20   0 2094144   1.8g   5104 S  17.0   5.7   0:18.45 deptran_server
  53663 ubuntu    20   0 2094144   1.8g   5104 S  14.0   5.7   0:16.41 deptran_server
  53591 ubuntu    20   0 2094144   1.8g   5104 S   0.0   5.7   0:00.00 deptran_server
  53664 ubuntu    20   0 2094144   1.8g   5104 S   0.0   5.7   0:00.00 deptran_server

top - 11:45:56 up  4:50,  0 users,  load average: 2.32, 1.46, 1.40
Threads:   6 total,   1 running,   5 sleeping,   0 stopped,   0 zombie
%Cpu(s):  6.0 us,  8.2 sy,  0.0 ni, 78.3 id,  0.0 wa,  0.0 hi,  2.5 si,  5.0 st
MiB Mem :  31824.5 total,  26977.7 free,   2797.9 used,   2048.9 buff/cache
MiB Swap:      0.0 total,      0.0 free,      0.0 used.  28613.9 avail Mem 

    PID USER      PR  NI    VIRT    RES    SHR S  %CPU  %MEM     TIME+ COMMAND
  53662 ubuntu    20   0 2094144   1.8g   5104 S  42.0   5.7   0:41.23 deptran_server
  53660 ubuntu    20   0 2094144   1.8g   5104 S  19.0   5.7   0:18.88 deptran_server
  53661 ubuntu    20   0 2094144   1.8g   5104 S  17.0   5.7   0:18.62 deptran_server
  53663 ubuntu    20   0 2094144   1.8g   5104 R  17.0   5.7   0:16.58 deptran_server
  53591 ubuntu    20   0 2094144   1.8g   5104 S   0.0   5.7   0:00.00 deptran_server
  53664 ubuntu    20   0 2094144   1.8g   5104 S   0.0   5.7   0:00.00 deptran_server

top - 11:45:57 up  4:50,  0 users,  load average: 2.21, 1.45, 1.40
Threads:   6 total,   2 running,   4 sleeping,   0 stopped,   0 zombie
%Cpu(s):  6.4 us,  8.2 sy,  0.0 ni, 79.2 id,  0.0 wa,  0.0 hi,  2.2 si,  4.0 st
MiB Mem :  31824.5 total,  26977.7 free,   2797.9 used,   2048.9 buff/cache
MiB Swap:      0.0 total,      0.0 free,      0.0 used.  28613.9 avail Mem 

    PID USER      PR  NI    VIRT    RES    SHR S  %CPU  %MEM     TIME+ COMMAND
  53662 ubuntu    20   0 2094144   1.8g   5104 R  41.0   5.7   0:41.64 deptran_server
  53661 ubuntu    20   0 2094144   1.8g   5104 S  19.0   5.7   0:18.81 deptran_server
  53660 ubuntu    20   0 2094144   1.8g   5104 R  18.0   5.7   0:19.06 deptran_server
  53663 ubuntu    20   0 2094144   1.8g   5104 S  16.0   5.7   0:16.74 deptran_server
  53591 ubuntu    20   0 2094144   1.8g   5104 S   0.0   5.7   0:00.00 deptran_server
  53664 ubuntu    20   0 2094144   1.8g   5104 S   0.0   5.7   0:00.00 deptran_server

top - 11:45:58 up  4:50,  0 users,  load average: 2.21, 1.45, 1.40
Threads:   6 total,   1 running,   5 sleeping,   0 stopped,   0 zombie
%Cpu(s):  4.8 us,  7.3 sy,  0.0 ni, 79.2 id,  0.0 wa,  0.0 hi,  1.8 si,  6.9 st
MiB Mem :  31824.5 total,  26977.7 free,   2797.9 used,   2048.9 buff/cache
MiB Swap:      0.0 total,      0.0 free,      0.0 used.  28613.9 avail Mem 

    PID USER      PR  NI    VIRT    RES    SHR S  %CPU  %MEM     TIME+ COMMAND
  53662 ubuntu    20   0 2094144   1.8g   5104 R  33.7   5.7   0:41.98 deptran_server
  53661 ubuntu    20   0 2094144   1.8g   5104 S  16.8   5.7   0:18.98 deptran_server
  53660 ubuntu    20   0 2094144   1.8g   5104 S  15.8   5.7   0:19.22 deptran_server
  53663 ubuntu    20   0 2094144   1.8g   5104 S  13.9   5.7   0:16.88 deptran_server
  53591 ubuntu    20   0 2094144   1.8g   5104 S   0.0   5.7   0:00.00 deptran_server
  53664 ubuntu    20   0 2094144   1.8g   5104 S   0.0   5.7   0:00.00 deptran_server

top - 11:45:59 up  4:50,  0 users,  load average: 2.21, 1.45, 1.40
Threads:   6 total,   1 running,   5 sleeping,   0 stopped,   0 zombie
%Cpu(s):  6.6 us,  8.2 sy,  0.0 ni, 78.2 id,  0.0 wa,  0.0 hi,  1.8 si,  5.2 st
MiB Mem :  31824.5 total,  26956.3 free,   2806.7 used,   2061.5 buff/cache
MiB Swap:      0.0 total,      0.0 free,      0.0 used.  28605.0 avail Mem 

    PID USER      PR  NI    VIRT    RES    SHR S  %CPU  %MEM     TIME+ COMMAND
  53662 ubuntu    20   0 2094144   1.8g   5104 R  38.0   5.7   0:42.36 deptran_server
  53660 ubuntu    20   0 2094144   1.8g   5104 S  19.0   5.7   0:19.41 deptran_server
  53661 ubuntu    20   0 2094144   1.8g   5104 S  18.0   5.7   0:19.16 deptran_server
  53663 ubuntu    20   0 2094144   1.8g   5104 S  15.0   5.7   0:17.03 deptran_server
  53591 ubuntu    20   0 2094144   1.8g   5104 S   0.0   5.7   0:00.00 deptran_server
  53664 ubuntu    20   0 2094144   1.8g   5104 S   0.0   5.7   0:00.00 deptran_server
